{'setup': 'selflabel', 'use_ema': False, 'confidence_threshold': 0.99, 'criterion': 'confidence-cross-entropy', 'criterion_kwargs': {'apply_class_balancing': True}, 'backbone': 'resnet18', 'num_heads': 1, 'train_db_name': 'cifar-10', 'val_db_name': 'cifar-10', 'num_classes': 10, 'augmentation_strategy': 'ours', 'augmentation_kwargs': {'crop_size': 32, 'normalize': {'mean': [0.4914, 0.4822, 0.4465], 'std': [0.2023, 0.1994, 0.201]}, 'num_strong_augs': 4, 'cutout_kwargs': {'n_holes': 1, 'length': 16, 'random': True}}, 'transformation_kwargs': {'crop_size': 32, 'normalize': {'mean': [0.4914, 0.4822, 0.4465], 'std': [0.2023, 0.1994, 0.201]}}, 'epochs': 200, 'optimizer': 'adam', 'optimizer_kwargs': {'lr': 0.0001, 'weight_decay': 0.0001}, 'batch_size': 1000, 'num_workers': 8, 'scheduler': 'constant', 'pretext_dir': '/home/tgfnzb/mycluster/Unsupervised-Classification/data/cifar-10/pretext', 'pretext_checkpoint': '/home/tgfnzb/mycluster/Unsupervised-Classification/data/cifar-10/pretext/checkpoint.pth.tar', 'pretext_model': '/home/tgfnzb/mycluster/Unsupervised-Classification/data/cifar-10/pretext/model.pth.tar', 'topk_neighbors_train_path': '/home/tgfnzb/mycluster/Unsupervised-Classification/data/cifar-10/pretext/topk-train-neighbors.npy', 'topk_neighbors_val_path': '/home/tgfnzb/mycluster/Unsupervised-Classification/data/cifar-10/pretext/topk-val-neighbors.npy', 'scan_dir': '/home/tgfnzb/mycluster/Unsupervised-Classification/data/cifar-10/scan', 'scan_checkpoint': '/home/tgfnzb/mycluster/Unsupervised-Classification/data/cifar-10/scan/checkpoint.pth.tar', 'scan_model': '/home/tgfnzb/mycluster/Unsupervised-Classification/data/cifar-10/scan/model.pth.tar', 'selflabel_dir': '/home/tgfnzb/mycluster/Unsupervised-Classification/data/cifar-10/selflabel', 'selflabel_checkpoint': '/home/tgfnzb/mycluster/Unsupervised-Classification/data/cifar-10/selflabel/checkpoint.pth.tar', 'selflabel_model': '/home/tgfnzb/mycluster/Unsupervised-Classification/data/cifar-10/selflabel/model.pth.tar'}
Retrieve model
ClusteringModel(
  (backbone): ResNet(
    (conv1): Conv2d(3, 64, kernel_size=(3, 3), stride=(1, 1), padding=(1, 1), bias=False)
    (bn1): BatchNorm2d(64, eps=1e-05, momentum=0.1, affine=True, track_running_stats=True)
    (layer1): Sequential(
      (0): BasicBlock(
        (conv1): Conv2d(64, 64, kernel_size=(3, 3), stride=(1, 1), padding=(1, 1), bias=False)
        (bn1): BatchNorm2d(64, eps=1e-05, momentum=0.1, affine=True, track_running_stats=True)
        (conv2): Conv2d(64, 64, kernel_size=(3, 3), stride=(1, 1), padding=(1, 1), bias=False)
        (bn2): BatchNorm2d(64, eps=1e-05, momentum=0.1, affine=True, track_running_stats=True)
        (shortcut): Sequential()
      )
      (1): BasicBlock(
        (conv1): Conv2d(64, 64, kernel_size=(3, 3), stride=(1, 1), padding=(1, 1), bias=False)
        (bn1): BatchNorm2d(64, eps=1e-05, momentum=0.1, affine=True, track_running_stats=True)
        (conv2): Conv2d(64, 64, kernel_size=(3, 3), stride=(1, 1), padding=(1, 1), bias=False)
        (bn2): BatchNorm2d(64, eps=1e-05, momentum=0.1, affine=True, track_running_stats=True)
        (shortcut): Sequential()
      )
    )
    (layer2): Sequential(
      (0): BasicBlock(
        (conv1): Conv2d(64, 128, kernel_size=(3, 3), stride=(2, 2), padding=(1, 1), bias=False)
        (bn1): BatchNorm2d(128, eps=1e-05, momentum=0.1, affine=True, track_running_stats=True)
        (conv2): Conv2d(128, 128, kernel_size=(3, 3), stride=(1, 1), padding=(1, 1), bias=False)
        (bn2): BatchNorm2d(128, eps=1e-05, momentum=0.1, affine=True, track_running_stats=True)
        (shortcut): Sequential(
          (0): Conv2d(64, 128, kernel_size=(1, 1), stride=(2, 2), bias=False)
          (1): BatchNorm2d(128, eps=1e-05, momentum=0.1, affine=True, track_running_stats=True)
        )
      )
      (1): BasicBlock(
        (conv1): Conv2d(128, 128, kernel_size=(3, 3), stride=(1, 1), padding=(1, 1), bias=False)
        (bn1): BatchNorm2d(128, eps=1e-05, momentum=0.1, affine=True, track_running_stats=True)
        (conv2): Conv2d(128, 128, kernel_size=(3, 3), stride=(1, 1), padding=(1, 1), bias=False)
        (bn2): BatchNorm2d(128, eps=1e-05, momentum=0.1, affine=True, track_running_stats=True)
        (shortcut): Sequential()
      )
    )
    (layer3): Sequential(
      (0): BasicBlock(
        (conv1): Conv2d(128, 256, kernel_size=(3, 3), stride=(2, 2), padding=(1, 1), bias=False)
        (bn1): BatchNorm2d(256, eps=1e-05, momentum=0.1, affine=True, track_running_stats=True)
        (conv2): Conv2d(256, 256, kernel_size=(3, 3), stride=(1, 1), padding=(1, 1), bias=False)
        (bn2): BatchNorm2d(256, eps=1e-05, momentum=0.1, affine=True, track_running_stats=True)
        (shortcut): Sequential(
          (0): Conv2d(128, 256, kernel_size=(1, 1), stride=(2, 2), bias=False)
          (1): BatchNorm2d(256, eps=1e-05, momentum=0.1, affine=True, track_running_stats=True)
        )
      )
      (1): BasicBlock(
        (conv1): Conv2d(256, 256, kernel_size=(3, 3), stride=(1, 1), padding=(1, 1), bias=False)
        (bn1): BatchNorm2d(256, eps=1e-05, momentum=0.1, affine=True, track_running_stats=True)
        (conv2): Conv2d(256, 256, kernel_size=(3, 3), stride=(1, 1), padding=(1, 1), bias=False)
        (bn2): BatchNorm2d(256, eps=1e-05, momentum=0.1, affine=True, track_running_stats=True)
        (shortcut): Sequential()
      )
    )
    (layer4): Sequential(
      (0): BasicBlock(
        (conv1): Conv2d(256, 512, kernel_size=(3, 3), stride=(2, 2), padding=(1, 1), bias=False)
        (bn1): BatchNorm2d(512, eps=1e-05, momentum=0.1, affine=True, track_running_stats=True)
        (conv2): Conv2d(512, 512, kernel_size=(3, 3), stride=(1, 1), padding=(1, 1), bias=False)
        (bn2): BatchNorm2d(512, eps=1e-05, momentum=0.1, affine=True, track_running_stats=True)
        (shortcut): Sequential(
          (0): Conv2d(256, 512, kernel_size=(1, 1), stride=(2, 2), bias=False)
          (1): BatchNorm2d(512, eps=1e-05, momentum=0.1, affine=True, track_running_stats=True)
        )
      )
      (1): BasicBlock(
        (conv1): Conv2d(512, 512, kernel_size=(3, 3), stride=(1, 1), padding=(1, 1), bias=False)
        (bn1): BatchNorm2d(512, eps=1e-05, momentum=0.1, affine=True, track_running_stats=True)
        (conv2): Conv2d(512, 512, kernel_size=(3, 3), stride=(1, 1), padding=(1, 1), bias=False)
        (bn2): BatchNorm2d(512, eps=1e-05, momentum=0.1, affine=True, track_running_stats=True)
        (shortcut): Sequential()
      )
    )
    (avgpool): AdaptiveAvgPool2d(output_size=(1, 1))
  )
  (cluster_head): ModuleList(
    (0): Linear(in_features=512, out_features=10, bias=True)
  )
)
Get loss
ConfidenceBasedCE(
  (loss): MaskedCrossEntropyLoss()
  (softmax): Softmax(dim=1)
)
Set CuDNN benchmark
Retrieve optimizer
Adam (
Parameter Group 0
    amsgrad: False
    betas: (0.9, 0.999)
    eps: 1e-08
    lr: 0.0001
    weight_decay: 0.0001
)
Retrieve dataset
Files already downloaded and verified
Files already downloaded and verified
Train samples 50000 - Val samples 10000
Restart from checkpoint /home/tgfnzb/mycluster/Unsupervised-Classification/data/cifar-10/selflabel/checkpoint.pth.tar
Starting main loop
Epoch 18/200
----------
Adjusted learning rate to 0.00010
Train ...
Epoch: [17][ 0/50]	Loss 1.0906e-01 (1.0906e-01)
Epoch: [17][25/50]	Loss 7.0102e-02 (7.6035e-02)
Evaluate ...
{'ACC': 0.8604, 'ARI': 0.7308149896750045, 'NMI': 0.7624456117565018, 'ACC Top-5': 0.9908, 'hungarian_match': [(0, 0), (1, 6), (2, 1), (3, 3), (4, 5), (5, 9), (6, 7), (7, 8), (8, 4), (9, 2)]}
Checkpoint ...
Epoch 19/200
----------
Adjusted learning rate to 0.00010
Train ...
Epoch: [18][ 0/50]	Loss 8.7738e-02 (8.7738e-02)
Epoch: [18][25/50]	Loss 6.2233e-02 (7.3161e-02)
Evaluate ...
{'ACC': 0.8602, 'ARI': 0.7297658071550986, 'NMI': 0.7610601575727672, 'ACC Top-5': 0.9908, 'hungarian_match': [(0, 0), (1, 6), (2, 1), (3, 3), (4, 5), (5, 9), (6, 7), (7, 8), (8, 4), (9, 2)]}
Checkpoint ...
Epoch 20/200
----------
Adjusted learning rate to 0.00010
Train ...
Epoch: [19][ 0/50]	Loss 1.1050e-01 (1.1050e-01)
Epoch: [19][25/50]	Loss 9.9311e-02 (7.4954e-02)
Evaluate ...
{'ACC': 0.8626, 'ARI': 0.7335873022050344, 'NMI': 0.7657653073944943, 'ACC Top-5': 0.9929, 'hungarian_match': [(0, 0), (1, 6), (2, 1), (3, 3), (4, 5), (5, 9), (6, 7), (7, 8), (8, 4), (9, 2)]}
Checkpoint ...
Epoch 21/200
----------
Adjusted learning rate to 0.00010
Train ...
Epoch: [20][ 0/50]	Loss 7.1450e-02 (7.1450e-02)
Epoch: [20][25/50]	Loss 8.0534e-02 (6.7490e-02)
Evaluate ...
{'ACC': 0.8624, 'ARI': 0.7331163176236567, 'NMI': 0.7661830760040822, 'ACC Top-5': 0.9919, 'hungarian_match': [(0, 0), (1, 6), (2, 1), (3, 3), (4, 5), (5, 9), (6, 7), (7, 8), (8, 4), (9, 2)]}
Checkpoint ...
Epoch 22/200
----------
Adjusted learning rate to 0.00010
Train ...
Epoch: [21][ 0/50]	Loss 7.6415e-02 (7.6415e-02)
Epoch: [21][25/50]	Loss 7.7511e-02 (7.2255e-02)
Evaluate ...
{'ACC': 0.8615, 'ARI': 0.7308472531601238, 'NMI': 0.7623614684853097, 'ACC Top-5': 0.992, 'hungarian_match': [(0, 0), (1, 6), (2, 1), (3, 3), (4, 5), (5, 9), (6, 7), (7, 8), (8, 4), (9, 2)]}
Checkpoint ...
Epoch 23/200
----------
Adjusted learning rate to 0.00010
Train ...
Epoch: [22][ 0/50]	Loss 7.4565e-02 (7.4565e-02)
Epoch: [22][25/50]	Loss 9.1855e-02 (7.4480e-02)
Evaluate ...
{'ACC': 0.8609, 'ARI': 0.731777945395276, 'NMI': 0.7628000674722247, 'ACC Top-5': 0.9921, 'hungarian_match': [(0, 0), (1, 6), (2, 1), (3, 3), (4, 5), (5, 9), (6, 7), (7, 8), (8, 4), (9, 2)]}
Checkpoint ...
Epoch 24/200
----------
Adjusted learning rate to 0.00010
Train ...
Epoch: [23][ 0/50]	Loss 6.8408e-02 (6.8408e-02)
Epoch: [23][25/50]	Loss 6.4947e-02 (7.3447e-02)
Evaluate ...
{'ACC': 0.8619, 'ARI': 0.7317127763115717, 'NMI': 0.7638918539313505, 'ACC Top-5': 0.9908, 'hungarian_match': [(0, 0), (1, 6), (2, 1), (3, 3), (4, 5), (5, 9), (6, 7), (7, 8), (8, 4), (9, 2)]}
Checkpoint ...
Epoch 25/200
----------
Adjusted learning rate to 0.00010
Train ...
Epoch: [24][ 0/50]	Loss 7.6664e-02 (7.6664e-02)
Epoch: [24][25/50]	Loss 6.0033e-02 (7.2121e-02)
Evaluate ...
{'ACC': 0.862, 'ARI': 0.7328084049257986, 'NMI': 0.7660404732916605, 'ACC Top-5': 0.9919, 'hungarian_match': [(0, 0), (1, 6), (2, 1), (3, 3), (4, 5), (5, 9), (6, 7), (7, 8), (8, 4), (9, 2)]}
Checkpoint ...
Epoch 26/200
----------
Adjusted learning rate to 0.00010
Train ...
Epoch: [25][ 0/50]	Loss 7.0019e-02 (7.0019e-02)
Epoch: [25][25/50]	Loss 1.0191e-01 (7.3354e-02)
Evaluate ...
{'ACC': 0.8613, 'ARI': 0.7302083321229976, 'NMI': 0.7650167570477342, 'ACC Top-5': 0.9914, 'hungarian_match': [(0, 0), (1, 6), (2, 1), (3, 3), (4, 5), (5, 9), (6, 7), (7, 8), (8, 4), (9, 2)]}
Checkpoint ...
Epoch 27/200
----------
Adjusted learning rate to 0.00010
Train ...
Epoch: [26][ 0/50]	Loss 7.9285e-02 (7.9285e-02)
Epoch: [26][25/50]	Loss 7.3836e-02 (7.4164e-02)
Evaluate ...
{'ACC': 0.8614, 'ARI': 0.7331648987851414, 'NMI': 0.7656257248489714, 'ACC Top-5': 0.9913, 'hungarian_match': [(0, 0), (1, 6), (2, 1), (3, 3), (4, 5), (5, 9), (6, 7), (7, 8), (8, 4), (9, 2)]}
Checkpoint ...
Epoch 28/200
----------
Adjusted learning rate to 0.00010
Train ...
Epoch: [27][ 0/50]	Loss 7.6367e-02 (7.6367e-02)
Epoch: [27][25/50]	Loss 1.1333e-01 (7.7012e-02)
Evaluate ...
{'ACC': 0.8627, 'ARI': 0.73540045161316, 'NMI': 0.7691836300959195, 'ACC Top-5': 0.993, 'hungarian_match': [(0, 0), (1, 6), (2, 1), (3, 3), (4, 5), (5, 9), (6, 7), (7, 8), (8, 4), (9, 2)]}
Checkpoint ...
Epoch 29/200
----------
Adjusted learning rate to 0.00010
Train ...
Epoch: [28][ 0/50]	Loss 9.0102e-02 (9.0102e-02)
Epoch: [28][25/50]	Loss 6.5485e-02 (7.1461e-02)
Evaluate ...
{'ACC': 0.8634, 'ARI': 0.7375869470651433, 'NMI': 0.7703792660429385, 'ACC Top-5': 0.9922, 'hungarian_match': [(0, 0), (1, 6), (2, 1), (3, 3), (4, 5), (5, 9), (6, 7), (7, 8), (8, 4), (9, 2)]}
Checkpoint ...
Epoch 30/200
----------
Adjusted learning rate to 0.00010
Train ...
Epoch: [29][ 0/50]	Loss 8.9962e-02 (8.9962e-02)
Epoch: [29][25/50]	Loss 5.6137e-02 (7.2959e-02)
Evaluate ...
{'ACC': 0.8637, 'ARI': 0.7364020234075902, 'NMI': 0.7680437559845703, 'ACC Top-5': 0.9915, 'hungarian_match': [(0, 0), (1, 6), (2, 1), (3, 3), (4, 5), (5, 9), (6, 7), (7, 8), (8, 4), (9, 2)]}
Checkpoint ...
Epoch 31/200
----------
Adjusted learning rate to 0.00010
Train ...
Epoch: [30][ 0/50]	Loss 1.3069e-01 (1.3069e-01)
Epoch: [30][25/50]	Loss 6.2149e-02 (7.2256e-02)
Evaluate ...
{'ACC': 0.8638, 'ARI': 0.7365089895848466, 'NMI': 0.7686904595502384, 'ACC Top-5': 0.9911, 'hungarian_match': [(0, 0), (1, 6), (2, 1), (3, 3), (4, 5), (5, 9), (6, 7), (7, 8), (8, 4), (9, 2)]}
Checkpoint ...
Epoch 32/200
----------
Adjusted learning rate to 0.00010
Train ...
Epoch: [31][ 0/50]	Loss 7.0239e-02 (7.0239e-02)
Epoch: [31][25/50]	Loss 8.3498e-02 (7.2840e-02)
Evaluate ...
{'ACC': 0.8636, 'ARI': 0.7364543113852914, 'NMI': 0.7647375046202652, 'ACC Top-5': 0.9904, 'hungarian_match': [(0, 0), (1, 6), (2, 1), (3, 3), (4, 5), (5, 9), (6, 7), (7, 8), (8, 4), (9, 2)]}
Checkpoint ...
Epoch 33/200
----------
Adjusted learning rate to 0.00010
Train ...
Epoch: [32][ 0/50]	Loss 4.8823e-02 (4.8823e-02)
Epoch: [32][25/50]	Loss 9.2014e-02 (7.4875e-02)
Evaluate ...
{'ACC': 0.8645, 'ARI': 0.7375516882700263, 'NMI': 0.7682994958413558, 'ACC Top-5': 0.9914, 'hungarian_match': [(0, 0), (1, 6), (2, 1), (3, 3), (4, 5), (5, 9), (6, 7), (7, 8), (8, 4), (9, 2)]}
Checkpoint ...
Epoch 34/200
----------
Adjusted learning rate to 0.00010
Train ...
Epoch: [33][ 0/50]	Loss 6.5003e-02 (6.5003e-02)
Epoch: [33][25/50]	Loss 6.6160e-02 (7.4964e-02)
Evaluate ...
{'ACC': 0.8648, 'ARI': 0.7372196119333393, 'NMI': 0.7674176484472371, 'ACC Top-5': 0.9897, 'hungarian_match': [(0, 0), (1, 6), (2, 1), (3, 3), (4, 5), (5, 9), (6, 7), (7, 8), (8, 4), (9, 2)]}
Checkpoint ...
Epoch 35/200
----------
Adjusted learning rate to 0.00010
Train ...
Epoch: [34][ 0/50]	Loss 7.3918e-02 (7.3918e-02)
Epoch: [34][25/50]	Loss 5.3913e-02 (6.6534e-02)
Evaluate ...
{'ACC': 0.8679, 'ARI': 0.7437057171518795, 'NMI': 0.7744676207220029, 'ACC Top-5': 0.9921, 'hungarian_match': [(0, 0), (1, 6), (2, 1), (3, 3), (4, 5), (5, 9), (6, 7), (7, 8), (8, 4), (9, 2)]}
Checkpoint ...
Epoch 36/200
----------
Adjusted learning rate to 0.00010
Train ...
Epoch: [35][ 0/50]	Loss 8.3205e-02 (8.3205e-02)
Epoch: [35][25/50]	Loss 5.6593e-02 (7.2906e-02)
Evaluate ...
{'ACC': 0.8679, 'ARI': 0.7422628630449822, 'NMI': 0.7724859095118681, 'ACC Top-5': 0.9912, 'hungarian_match': [(0, 0), (1, 6), (2, 1), (3, 3), (4, 5), (5, 9), (6, 7), (7, 8), (8, 4), (9, 2)]}
Checkpoint ...
Epoch 37/200
----------
Adjusted learning rate to 0.00010
Train ...
Epoch: [36][ 0/50]	Loss 6.8780e-02 (6.8780e-02)
Epoch: [36][25/50]	Loss 4.9729e-02 (7.3037e-02)
Evaluate ...
{'ACC': 0.8655, 'ARI': 0.7400018916306985, 'NMI': 0.7726503490628365, 'ACC Top-5': 0.9923, 'hungarian_match': [(0, 0), (1, 6), (2, 1), (3, 3), (4, 5), (5, 9), (6, 7), (7, 8), (8, 4), (9, 2)]}
Checkpoint ...
Epoch 38/200
----------
Adjusted learning rate to 0.00010
Train ...
Epoch: [37][ 0/50]	Loss 9.0583e-02 (9.0583e-02)
Epoch: [37][25/50]	Loss 6.3997e-02 (7.6324e-02)
Evaluate ...
{'ACC': 0.8667, 'ARI': 0.7408911706645599, 'NMI': 0.7726588157822016, 'ACC Top-5': 0.9928, 'hungarian_match': [(0, 0), (1, 6), (2, 1), (3, 3), (4, 5), (5, 9), (6, 7), (7, 8), (8, 4), (9, 2)]}
Checkpoint ...
Epoch 39/200
----------
Adjusted learning rate to 0.00010
Train ...
Epoch: [38][ 0/50]	Loss 6.6043e-02 (6.6043e-02)
Epoch: [38][25/50]	Loss 7.6964e-02 (7.3955e-02)
Evaluate ...
{'ACC': 0.8684, 'ARI': 0.7437374719152801, 'NMI': 0.77302873782472, 'ACC Top-5': 0.9924, 'hungarian_match': [(0, 0), (1, 6), (2, 1), (3, 3), (4, 5), (5, 9), (6, 7), (7, 8), (8, 4), (9, 2)]}
Checkpoint ...
Epoch 40/200
----------
Adjusted learning rate to 0.00010
Train ...
Epoch: [39][ 0/50]	Loss 9.6560e-02 (9.6560e-02)
Epoch: [39][25/50]	Loss 8.2141e-02 (7.2099e-02)
Evaluate ...
{'ACC': 0.8672, 'ARI': 0.7430020399270857, 'NMI': 0.7756824883926422, 'ACC Top-5': 0.9923, 'hungarian_match': [(0, 0), (1, 6), (2, 1), (3, 3), (4, 5), (5, 9), (6, 7), (7, 8), (8, 4), (9, 2)]}
Checkpoint ...
Epoch 41/200
----------
Adjusted learning rate to 0.00010
Train ...
Epoch: [40][ 0/50]	Loss 5.1292e-02 (5.1292e-02)
Epoch: [40][25/50]	Loss 6.9150e-02 (6.8486e-02)
Evaluate ...
{'ACC': 0.865, 'ARI': 0.7393565228123824, 'NMI': 0.7696937770127849, 'ACC Top-5': 0.9924, 'hungarian_match': [(0, 0), (1, 6), (2, 1), (3, 3), (4, 5), (5, 9), (6, 7), (7, 8), (8, 4), (9, 2)]}
Checkpoint ...
Epoch 42/200
----------
Adjusted learning rate to 0.00010
Train ...
Epoch: [41][ 0/50]	Loss 5.5043e-02 (5.5043e-02)
Epoch: [41][25/50]	Loss 8.1774e-02 (6.7613e-02)
Evaluate ...
{'ACC': 0.8665, 'ARI': 0.7440911597763616, 'NMI': 0.7748943786168152, 'ACC Top-5': 0.992, 'hungarian_match': [(0, 0), (1, 6), (2, 1), (3, 3), (4, 5), (5, 9), (6, 7), (7, 8), (8, 4), (9, 2)]}
Checkpoint ...
Epoch 43/200
----------
Adjusted learning rate to 0.00010
Train ...
Epoch: [42][ 0/50]	Loss 6.4943e-02 (6.4943e-02)
Epoch: [42][25/50]	Loss 9.9597e-02 (7.1597e-02)
Evaluate ...
{'ACC': 0.8696, 'ARI': 0.7470737908010411, 'NMI': 0.7752048251379453, 'ACC Top-5': 0.9912, 'hungarian_match': [(0, 0), (1, 6), (2, 1), (3, 3), (4, 5), (5, 9), (6, 7), (7, 8), (8, 4), (9, 2)]}
Checkpoint ...
Epoch 44/200
----------
Adjusted learning rate to 0.00010
Train ...
Epoch: [43][ 0/50]	Loss 5.9320e-02 (5.9320e-02)
Epoch: [43][25/50]	Loss 5.6143e-02 (6.9573e-02)
Evaluate ...
{'ACC': 0.867, 'ARI': 0.7438265986350783, 'NMI': 0.770829760927947, 'ACC Top-5': 0.99, 'hungarian_match': [(0, 0), (1, 6), (2, 1), (3, 3), (4, 5), (5, 9), (6, 7), (7, 8), (8, 4), (9, 2)]}
Checkpoint ...
Epoch 45/200
----------
Adjusted learning rate to 0.00010
Train ...
Epoch: [44][ 0/50]	Loss 7.2182e-02 (7.2182e-02)
Epoch: [44][25/50]	Loss 1.0575e-01 (7.0795e-02)
Evaluate ...
{'ACC': 0.8689, 'ARI': 0.746482649369603, 'NMI': 0.7773433203441202, 'ACC Top-5': 0.9917, 'hungarian_match': [(0, 0), (1, 6), (2, 1), (3, 3), (4, 5), (5, 9), (6, 7), (7, 8), (8, 4), (9, 2)]}
Checkpoint ...
Epoch 46/200
----------
Adjusted learning rate to 0.00010
Train ...
Epoch: [45][ 0/50]	Loss 5.8002e-02 (5.8002e-02)
Epoch: [45][25/50]	Loss 4.6750e-02 (7.2671e-02)
Evaluate ...
{'ACC': 0.8699, 'ARI': 0.7475864433295806, 'NMI': 0.7787544534835914, 'ACC Top-5': 0.9922, 'hungarian_match': [(0, 0), (1, 6), (2, 1), (3, 3), (4, 5), (5, 9), (6, 7), (7, 8), (8, 4), (9, 2)]}
Checkpoint ...
Epoch 47/200
----------
Adjusted learning rate to 0.00010
Train ...
Epoch: [46][ 0/50]	Loss 6.1645e-02 (6.1645e-02)
Epoch: [46][25/50]	Loss 6.9727e-02 (7.0513e-02)
Evaluate ...
{'ACC': 0.8688, 'ARI': 0.7464920400695962, 'NMI': 0.77715382941767, 'ACC Top-5': 0.9917, 'hungarian_match': [(0, 0), (1, 6), (2, 1), (3, 3), (4, 5), (5, 9), (6, 7), (7, 8), (8, 4), (9, 2)]}
Checkpoint ...
Epoch 48/200
----------
Adjusted learning rate to 0.00010
Train ...
Epoch: [47][ 0/50]	Loss 7.7508e-02 (7.7508e-02)
Epoch: [47][25/50]	Loss 5.7848e-02 (7.5413e-02)
Evaluate ...
{'ACC': 0.8684, 'ARI': 0.7444345268962514, 'NMI': 0.7748177725753591, 'ACC Top-5': 0.9911, 'hungarian_match': [(0, 0), (1, 6), (2, 1), (3, 3), (4, 5), (5, 9), (6, 7), (7, 8), (8, 4), (9, 2)]}
Checkpoint ...
Epoch 49/200
----------
Adjusted learning rate to 0.00010
Train ...
Epoch: [48][ 0/50]	Loss 7.9315e-02 (7.9315e-02)
Epoch: [48][25/50]	Loss 6.1693e-02 (7.6522e-02)
Evaluate ...
{'ACC': 0.8678, 'ARI': 0.7429943613858344, 'NMI': 0.7747514232123145, 'ACC Top-5': 0.9908, 'hungarian_match': [(0, 0), (1, 6), (2, 1), (3, 3), (4, 5), (5, 9), (6, 7), (7, 8), (8, 4), (9, 2)]}
Checkpoint ...
Epoch 50/200
----------
Adjusted learning rate to 0.00010
Train ...
Epoch: [49][ 0/50]	Loss 6.4510e-02 (6.4510e-02)
Epoch: [49][25/50]	Loss 8.5421e-02 (7.2358e-02)
Evaluate ...
{'ACC': 0.8665, 'ARI': 0.7436910753055154, 'NMI': 0.7757229229491899, 'ACC Top-5': 0.9886, 'hungarian_match': [(0, 0), (1, 6), (2, 1), (3, 3), (4, 5), (5, 9), (6, 7), (7, 8), (8, 4), (9, 2)]}
Checkpoint ...
Epoch 51/200
----------
Adjusted learning rate to 0.00010
Train ...
Epoch: [50][ 0/50]	Loss 9.6035e-02 (9.6035e-02)
Epoch: [50][25/50]	Loss 7.2916e-02 (7.0903e-02)
Evaluate ...
{'ACC': 0.8741, 'ARI': 0.7550078299680517, 'NMI': 0.7841183755206066, 'ACC Top-5': 0.9875, 'hungarian_match': [(0, 0), (1, 6), (2, 1), (3, 3), (4, 5), (5, 9), (6, 7), (7, 8), (8, 4), (9, 2)]}
Checkpoint ...
Epoch 52/200
----------
Adjusted learning rate to 0.00010
Train ...
Epoch: [51][ 0/50]	Loss 6.9447e-02 (6.9447e-02)
Epoch: [51][25/50]	Loss 7.5038e-02 (7.2891e-02)
Evaluate ...
{'ACC': 0.8705, 'ARI': 0.7484292730437323, 'NMI': 0.7776843428958541, 'ACC Top-5': 0.991, 'hungarian_match': [(0, 0), (1, 6), (2, 1), (3, 3), (4, 5), (5, 9), (6, 7), (7, 8), (8, 4), (9, 2)]}
Checkpoint ...
Epoch 53/200
----------
Adjusted learning rate to 0.00010
Train ...
Epoch: [52][ 0/50]	Loss 7.8032e-02 (7.8032e-02)
Epoch: [52][25/50]	Loss 7.9956e-02 (7.1843e-02)
Evaluate ...
{'ACC': 0.8683, 'ARI': 0.7459885071249845, 'NMI': 0.7787596694287444, 'ACC Top-5': 0.9894, 'hungarian_match': [(0, 0), (1, 6), (2, 1), (3, 3), (4, 5), (5, 9), (6, 7), (7, 8), (8, 4), (9, 2)]}
Checkpoint ...
Epoch 54/200
----------
Adjusted learning rate to 0.00010
Train ...
Epoch: [53][ 0/50]	Loss 6.3747e-02 (6.3747e-02)
Epoch: [53][25/50]	Loss 9.1321e-02 (6.9729e-02)
Evaluate ...
{'ACC': 0.869, 'ARI': 0.7456649675548874, 'NMI': 0.7753122154316755, 'ACC Top-5': 0.9871, 'hungarian_match': [(0, 0), (1, 6), (2, 1), (3, 3), (4, 5), (5, 9), (6, 7), (7, 8), (8, 4), (9, 2)]}
Checkpoint ...
Epoch 55/200
----------
Adjusted learning rate to 0.00010
Train ...
Epoch: [54][ 0/50]	Loss 4.4185e-02 (4.4185e-02)
Epoch: [54][25/50]	Loss 8.9375e-02 (7.4567e-02)
Evaluate ...
{'ACC': 0.8725, 'ARI': 0.7525793223786648, 'NMI': 0.7811829122481742, 'ACC Top-5': 0.9886, 'hungarian_match': [(0, 0), (1, 6), (2, 1), (3, 3), (4, 5), (5, 9), (6, 7), (7, 8), (8, 4), (9, 2)]}
Checkpoint ...
Epoch 56/200
----------
Adjusted learning rate to 0.00010
Train ...
Epoch: [55][ 0/50]	Loss 6.9556e-02 (6.9556e-02)
Epoch: [55][25/50]	Loss 5.5911e-02 (6.9719e-02)
Evaluate ...
{'ACC': 0.8702, 'ARI': 0.748885267933111, 'NMI': 0.7765897861673404, 'ACC Top-5': 0.9889, 'hungarian_match': [(0, 0), (1, 6), (2, 1), (3, 3), (4, 5), (5, 9), (6, 7), (7, 8), (8, 4), (9, 2)]}
Checkpoint ...
Epoch 57/200
----------
Adjusted learning rate to 0.00010
Train ...
Epoch: [56][ 0/50]	Loss 7.1482e-02 (7.1482e-02)
Epoch: [56][25/50]	Loss 8.6196e-02 (7.1242e-02)
Evaluate ...
{'ACC': 0.874, 'ARI': 0.7546850737268255, 'NMI': 0.7828371382111894, 'ACC Top-5': 0.9912, 'hungarian_match': [(0, 0), (1, 6), (2, 1), (3, 3), (4, 5), (5, 9), (6, 7), (7, 8), (8, 4), (9, 2)]}
Checkpoint ...
Epoch 58/200
----------
Adjusted learning rate to 0.00010
Train ...
Epoch: [57][ 0/50]	Loss 7.0509e-02 (7.0509e-02)
Epoch: [57][25/50]	Loss 7.6481e-02 (7.3463e-02)
Evaluate ...
{'ACC': 0.8745, 'ARI': 0.754996034364396, 'NMI': 0.7823724527342388, 'ACC Top-5': 0.992, 'hungarian_match': [(0, 0), (1, 6), (2, 1), (3, 3), (4, 5), (5, 9), (6, 7), (7, 8), (8, 4), (9, 2)]}
Checkpoint ...
Epoch 59/200
----------
Adjusted learning rate to 0.00010
Train ...
Epoch: [58][ 0/50]	Loss 6.1024e-02 (6.1024e-02)
Epoch: [58][25/50]	Loss 5.7861e-02 (6.8466e-02)
Evaluate ...
{'ACC': 0.8725, 'ARI': 0.7525673437666013, 'NMI': 0.7808818851714787, 'ACC Top-5': 0.992, 'hungarian_match': [(0, 0), (1, 6), (2, 1), (3, 3), (4, 5), (5, 9), (6, 7), (7, 8), (8, 4), (9, 2)]}
Checkpoint ...
Epoch 60/200
----------
Adjusted learning rate to 0.00010
Train ...
Epoch: [59][ 0/50]	Loss 6.9892e-02 (6.9892e-02)
Epoch: [59][25/50]	Loss 8.4620e-02 (6.7872e-02)
Evaluate ...
{'ACC': 0.8742, 'ARI': 0.7540221436678206, 'NMI': 0.7819511165506453, 'ACC Top-5': 0.9925, 'hungarian_match': [(0, 0), (1, 6), (2, 1), (3, 3), (4, 5), (5, 9), (6, 7), (7, 8), (8, 4), (9, 2)]}
Checkpoint ...
Epoch 61/200
----------
Adjusted learning rate to 0.00010
Train ...
Epoch: [60][ 0/50]	Loss 5.9849e-02 (5.9849e-02)
Epoch: [60][25/50]	Loss 4.7652e-02 (7.5958e-02)
Evaluate ...
{'ACC': 0.8748, 'ARI': 0.7571749441058483, 'NMI': 0.7847858650387506, 'ACC Top-5': 0.9918, 'hungarian_match': [(0, 0), (1, 6), (2, 1), (3, 3), (4, 5), (5, 9), (6, 7), (7, 8), (8, 4), (9, 2)]}
Checkpoint ...
Epoch 62/200
----------
Adjusted learning rate to 0.00010
Train ...
Epoch: [61][ 0/50]	Loss 7.3604e-02 (7.3604e-02)
Epoch: [61][25/50]	Loss 6.6916e-02 (7.2645e-02)
Evaluate ...
{'ACC': 0.8751, 'ARI': 0.7574603008174313, 'NMI': 0.7843095113624028, 'ACC Top-5': 0.9918, 'hungarian_match': [(0, 0), (1, 6), (2, 1), (3, 3), (4, 5), (5, 9), (6, 7), (7, 8), (8, 4), (9, 2)]}
Checkpoint ...
Epoch 63/200
----------
Adjusted learning rate to 0.00010
Train ...
Epoch: [62][ 0/50]	Loss 6.9042e-02 (6.9042e-02)
Epoch: [62][25/50]	Loss 1.0464e-01 (7.0761e-02)
Evaluate ...
{'ACC': 0.8729, 'ARI': 0.7526563664682514, 'NMI': 0.7803616709991641, 'ACC Top-5': 0.9907, 'hungarian_match': [(0, 0), (1, 6), (2, 1), (3, 3), (4, 5), (5, 9), (6, 7), (7, 8), (8, 4), (9, 2)]}
Checkpoint ...
Epoch 64/200
----------
Adjusted learning rate to 0.00010
Train ...
Epoch: [63][ 0/50]	Loss 5.5951e-02 (5.5951e-02)
Epoch: [63][25/50]	Loss 6.4645e-02 (7.0907e-02)
Evaluate ...
{'ACC': 0.8725, 'ARI': 0.7519182338707612, 'NMI': 0.7827143946890679, 'ACC Top-5': 0.9913, 'hungarian_match': [(0, 0), (1, 6), (2, 1), (3, 3), (4, 5), (5, 9), (6, 7), (7, 8), (8, 4), (9, 2)]}
Checkpoint ...
Epoch 65/200
----------
Adjusted learning rate to 0.00010
Train ...
Epoch: [64][ 0/50]	Loss 9.4318e-02 (9.4318e-02)
Epoch: [64][25/50]	Loss 8.9352e-02 (7.5581e-02)
Evaluate ...
{'ACC': 0.8732, 'ARI': 0.7552517036518925, 'NMI': 0.7863743712219625, 'ACC Top-5': 0.9931, 'hungarian_match': [(0, 0), (1, 6), (2, 1), (3, 3), (4, 5), (5, 9), (6, 7), (7, 8), (8, 4), (9, 2)]}
Checkpoint ...
Epoch 66/200
----------
Adjusted learning rate to 0.00010
Train ...
Epoch: [65][ 0/50]	Loss 7.0859e-02 (7.0859e-02)
Epoch: [65][25/50]	Loss 8.0929e-02 (6.7369e-02)
Evaluate ...
{'ACC': 0.8753, 'ARI': 0.7577061405243676, 'NMI': 0.7863740242277751, 'ACC Top-5': 0.9919, 'hungarian_match': [(0, 0), (1, 6), (2, 1), (3, 3), (4, 5), (5, 9), (6, 7), (7, 8), (8, 4), (9, 2)]}
Checkpoint ...
Epoch 67/200
----------
Adjusted learning rate to 0.00010
Train ...
Epoch: [66][ 0/50]	Loss 6.5791e-02 (6.5791e-02)
Epoch: [66][25/50]	Loss 6.9865e-02 (7.3463e-02)
Evaluate ...
{'ACC': 0.8749, 'ARI': 0.7582190419732522, 'NMI': 0.7860232367254804, 'ACC Top-5': 0.9927, 'hungarian_match': [(0, 0), (1, 6), (2, 1), (3, 3), (4, 5), (5, 9), (6, 7), (7, 8), (8, 4), (9, 2)]}
Checkpoint ...
Epoch 68/200
----------
Adjusted learning rate to 0.00010
Train ...
Epoch: [67][ 0/50]	Loss 6.0796e-02 (6.0796e-02)
Epoch: [67][25/50]	Loss 1.1947e-01 (7.4990e-02)
Evaluate ...
{'ACC': 0.8759, 'ARI': 0.7601929027278084, 'NMI': 0.7885406729356572, 'ACC Top-5': 0.9917, 'hungarian_match': [(0, 0), (1, 6), (2, 1), (3, 3), (4, 5), (5, 9), (6, 7), (7, 8), (8, 4), (9, 2)]}
Checkpoint ...
Epoch 69/200
----------
Adjusted learning rate to 0.00010
Train ...
Epoch: [68][ 0/50]	Loss 7.6077e-02 (7.6077e-02)
Epoch: [68][25/50]	Loss 5.4639e-02 (7.0203e-02)
Evaluate ...
{'ACC': 0.8765, 'ARI': 0.7612624457447392, 'NMI': 0.7913299929611339, 'ACC Top-5': 0.9909, 'hungarian_match': [(0, 0), (1, 6), (2, 1), (3, 3), (4, 5), (5, 9), (6, 7), (7, 8), (8, 4), (9, 2)]}
Checkpoint ...
Epoch 70/200
----------
Adjusted learning rate to 0.00010
Train ...
Epoch: [69][ 0/50]	Loss 5.9665e-02 (5.9665e-02)
Epoch: [69][25/50]	Loss 5.5332e-02 (6.9866e-02)
Evaluate ...
{'ACC': 0.8755, 'ARI': 0.7588736140804293, 'NMI': 0.7866993758830203, 'ACC Top-5': 0.992, 'hungarian_match': [(0, 0), (1, 6), (2, 1), (3, 3), (4, 5), (5, 9), (6, 7), (7, 8), (8, 4), (9, 2)]}
Checkpoint ...
Epoch 71/200
----------
Adjusted learning rate to 0.00010
Train ...
Epoch: [70][ 0/50]	Loss 7.7848e-02 (7.7848e-02)
Epoch: [70][25/50]	Loss 7.0295e-02 (7.2647e-02)
Evaluate ...
{'ACC': 0.8748, 'ARI': 0.7562964769135693, 'NMI': 0.7824732536461964, 'ACC Top-5': 0.9925, 'hungarian_match': [(0, 0), (1, 6), (2, 1), (3, 3), (4, 5), (5, 9), (6, 7), (7, 8), (8, 4), (9, 2)]}
Checkpoint ...
Epoch 72/200
----------
Adjusted learning rate to 0.00010
Train ...
Epoch: [71][ 0/50]	Loss 8.7872e-02 (8.7872e-02)
Epoch: [71][25/50]	Loss 6.3922e-02 (7.0784e-02)
Evaluate ...
{'ACC': 0.8757, 'ARI': 0.7584042577921257, 'NMI': 0.7835112606899238, 'ACC Top-5': 0.993, 'hungarian_match': [(0, 0), (1, 6), (2, 1), (3, 3), (4, 5), (5, 9), (6, 7), (7, 8), (8, 4), (9, 2)]}
Checkpoint ...
Epoch 73/200
----------
Adjusted learning rate to 0.00010
Train ...
Epoch: [72][ 0/50]	Loss 4.9612e-02 (4.9612e-02)
Epoch: [72][25/50]	Loss 8.1615e-02 (6.7521e-02)
Evaluate ...
{'ACC': 0.8738, 'ARI': 0.7546316888026027, 'NMI': 0.7835348701187979, 'ACC Top-5': 0.9887, 'hungarian_match': [(0, 0), (1, 6), (2, 1), (3, 3), (4, 5), (5, 9), (6, 7), (7, 8), (8, 4), (9, 2)]}
Checkpoint ...
Epoch 74/200
----------
Adjusted learning rate to 0.00010
Train ...
Epoch: [73][ 0/50]	Loss 6.1540e-02 (6.1540e-02)
Epoch: [73][25/50]	Loss 7.7082e-02 (7.1359e-02)
Evaluate ...
{'ACC': 0.8766, 'ARI': 0.7606484252236119, 'NMI': 0.7863935939961356, 'ACC Top-5': 0.9913, 'hungarian_match': [(0, 0), (1, 6), (2, 1), (3, 3), (4, 5), (5, 9), (6, 7), (7, 8), (8, 4), (9, 2)]}
Checkpoint ...
Epoch 75/200
----------
Adjusted learning rate to 0.00010
Train ...
Epoch: [74][ 0/50]	Loss 4.2620e-02 (4.2620e-02)
Epoch: [74][25/50]	Loss 5.9630e-02 (6.3652e-02)
Evaluate ...
{'ACC': 0.8743, 'ARI': 0.7584697543262939, 'NMI': 0.7873876792747151, 'ACC Top-5': 0.99, 'hungarian_match': [(0, 0), (1, 6), (2, 1), (3, 3), (4, 5), (5, 9), (6, 7), (7, 8), (8, 4), (9, 2)]}
Checkpoint ...
Epoch 76/200
----------
Adjusted learning rate to 0.00010
Train ...
Epoch: [75][ 0/50]	Loss 6.8690e-02 (6.8690e-02)
Epoch: [75][25/50]	Loss 6.1128e-02 (7.1818e-02)
Evaluate ...
{'ACC': 0.8766, 'ARI': 0.7604965822329103, 'NMI': 0.7881962232641355, 'ACC Top-5': 0.991, 'hungarian_match': [(0, 0), (1, 6), (2, 1), (3, 3), (4, 5), (5, 9), (6, 7), (7, 8), (8, 4), (9, 2)]}
Checkpoint ...
Epoch 77/200
----------
Adjusted learning rate to 0.00010
Train ...
Epoch: [76][ 0/50]	Loss 7.3140e-02 (7.3140e-02)
Epoch: [76][25/50]	Loss 1.0076e-01 (7.3966e-02)
Evaluate ...
{'ACC': 0.8774, 'ARI': 0.7612554676049563, 'NMI': 0.7878250068265744, 'ACC Top-5': 0.9921, 'hungarian_match': [(0, 0), (1, 6), (2, 1), (3, 3), (4, 5), (5, 9), (6, 7), (7, 8), (8, 4), (9, 2)]}
Checkpoint ...
Epoch 78/200
----------
Adjusted learning rate to 0.00010
Train ...
Epoch: [77][ 0/50]	Loss 5.8344e-02 (5.8344e-02)
Epoch: [77][25/50]	Loss 8.2389e-02 (7.0394e-02)
Evaluate ...
{'ACC': 0.8732, 'ARI': 0.7556637343424604, 'NMI': 0.7832371147070758, 'ACC Top-5': 0.9916, 'hungarian_match': [(0, 0), (1, 6), (2, 1), (3, 3), (4, 5), (5, 9), (6, 7), (7, 8), (8, 4), (9, 2)]}
Checkpoint ...
Epoch 79/200
----------
Adjusted learning rate to 0.00010
Train ...
Epoch: [78][ 0/50]	Loss 8.8705e-02 (8.8705e-02)
Epoch: [78][25/50]	Loss 7.7524e-02 (6.9875e-02)
Evaluate ...
{'ACC': 0.8755, 'ARI': 0.7583084756400339, 'NMI': 0.7851411120654055, 'ACC Top-5': 0.9908, 'hungarian_match': [(0, 0), (1, 6), (2, 1), (3, 3), (4, 5), (5, 9), (6, 7), (7, 8), (8, 4), (9, 2)]}
Checkpoint ...
Epoch 80/200
----------
Adjusted learning rate to 0.00010
Train ...
Epoch: [79][ 0/50]	Loss 6.8218e-02 (6.8218e-02)
Epoch: [79][25/50]	Loss 7.3008e-02 (6.9674e-02)
Evaluate ...
{'ACC': 0.877, 'ARI': 0.7613435732327389, 'NMI': 0.7878716156479091, 'ACC Top-5': 0.991, 'hungarian_match': [(0, 0), (1, 6), (2, 1), (3, 3), (4, 5), (5, 9), (6, 7), (7, 8), (8, 4), (9, 2)]}
Checkpoint ...
Epoch 81/200
----------
Adjusted learning rate to 0.00010
Train ...
Epoch: [80][ 0/50]	Loss 6.4329e-02 (6.4329e-02)
Epoch: [80][25/50]	Loss 6.8069e-02 (6.9102e-02)
Evaluate ...
{'ACC': 0.8783, 'ARI': 0.7631200974242888, 'NMI': 0.7904678811682585, 'ACC Top-5': 0.989, 'hungarian_match': [(0, 0), (1, 6), (2, 1), (3, 3), (4, 5), (5, 9), (6, 7), (7, 8), (8, 4), (9, 2)]}
Checkpoint ...
Epoch 82/200
----------
Adjusted learning rate to 0.00010
Train ...
Epoch: [81][ 0/50]	Loss 6.7157e-02 (6.7157e-02)
Epoch: [81][25/50]	Loss 7.2186e-02 (6.9548e-02)
Evaluate ...
{'ACC': 0.8766, 'ARI': 0.7612708605259343, 'NMI': 0.7887031905926821, 'ACC Top-5': 0.9887, 'hungarian_match': [(0, 0), (1, 6), (2, 1), (3, 3), (4, 5), (5, 9), (6, 7), (7, 8), (8, 4), (9, 2)]}
Checkpoint ...
Epoch 83/200
----------
Adjusted learning rate to 0.00010
Train ...
Epoch: [82][ 0/50]	Loss 7.1709e-02 (7.1709e-02)
Epoch: [82][25/50]	Loss 5.5973e-02 (6.8432e-02)
Evaluate ...
{'ACC': 0.874, 'ARI': 0.7564637525133818, 'NMI': 0.7848503035282048, 'ACC Top-5': 0.9904, 'hungarian_match': [(0, 0), (1, 6), (2, 1), (3, 3), (4, 5), (5, 9), (6, 7), (7, 8), (8, 4), (9, 2)]}
Checkpoint ...
Epoch 84/200
----------
Adjusted learning rate to 0.00010
Train ...
Epoch: [83][ 0/50]	Loss 5.2509e-02 (5.2509e-02)
Epoch: [83][25/50]	Loss 5.8002e-02 (6.9323e-02)
Evaluate ...
{'ACC': 0.8758, 'ARI': 0.7580123967831718, 'NMI': 0.7843673448598851, 'ACC Top-5': 0.9888, 'hungarian_match': [(0, 0), (1, 6), (2, 1), (3, 3), (4, 5), (5, 9), (6, 7), (7, 8), (8, 4), (9, 2)]}
Checkpoint ...
Epoch 85/200
----------
Adjusted learning rate to 0.00010
Train ...
Epoch: [84][ 0/50]	Loss 7.1820e-02 (7.1820e-02)
Epoch: [84][25/50]	Loss 3.0531e-02 (6.8964e-02)
Evaluate ...
{'ACC': 0.8749, 'ARI': 0.7567553041688865, 'NMI': 0.7859213217841878, 'ACC Top-5': 0.9897, 'hungarian_match': [(0, 0), (1, 6), (2, 1), (3, 3), (4, 5), (5, 9), (6, 7), (7, 8), (8, 4), (9, 2)]}
Checkpoint ...
Epoch 86/200
----------
Adjusted learning rate to 0.00010
Train ...
Epoch: [85][ 0/50]	Loss 7.6676e-02 (7.6676e-02)
Epoch: [85][25/50]	Loss 8.3411e-02 (6.8869e-02)
Evaluate ...
{'ACC': 0.8751, 'ARI': 0.7575972555879634, 'NMI': 0.7867632408705065, 'ACC Top-5': 0.991, 'hungarian_match': [(0, 0), (1, 6), (2, 1), (3, 3), (4, 5), (5, 9), (6, 7), (7, 8), (8, 4), (9, 2)]}
Checkpoint ...
Epoch 87/200
----------
Adjusted learning rate to 0.00010
Train ...
Epoch: [86][ 0/50]	Loss 8.9609e-02 (8.9609e-02)
Epoch: [86][25/50]	Loss 4.4478e-02 (6.9759e-02)
Evaluate ...
{'ACC': 0.8798, 'ARI': 0.7636808468698217, 'NMI': 0.7919971514328366, 'ACC Top-5': 0.9876, 'hungarian_match': [(0, 0), (1, 6), (2, 1), (3, 3), (4, 5), (5, 9), (6, 7), (7, 8), (8, 4), (9, 2)]}
Checkpoint ...
Epoch 88/200
----------
Adjusted learning rate to 0.00010
Train ...
Epoch: [87][ 0/50]	Loss 9.6058e-02 (9.6058e-02)
Epoch: [87][25/50]	Loss 6.5591e-02 (7.0469e-02)
Evaluate ...
{'ACC': 0.8757, 'ARI': 0.7579742674755804, 'NMI': 0.7847221472154928, 'ACC Top-5': 0.9906, 'hungarian_match': [(0, 0), (1, 6), (2, 1), (3, 3), (4, 5), (5, 9), (6, 7), (7, 8), (8, 4), (9, 2)]}
Checkpoint ...
Epoch 89/200
----------
Adjusted learning rate to 0.00010
Train ...
Epoch: [88][ 0/50]	Loss 9.1072e-02 (9.1072e-02)
Epoch: [88][25/50]	Loss 7.8374e-02 (6.6340e-02)
Evaluate ...
{'ACC': 0.8759, 'ARI': 0.7592302439899525, 'NMI': 0.785819987124747, 'ACC Top-5': 0.9901, 'hungarian_match': [(0, 0), (1, 6), (2, 1), (3, 3), (4, 5), (5, 9), (6, 7), (7, 8), (8, 4), (9, 2)]}
Checkpoint ...
Epoch 90/200
----------
Adjusted learning rate to 0.00010
Train ...
Epoch: [89][ 0/50]	Loss 2.9602e-02 (2.9602e-02)
Epoch: [89][25/50]	Loss 6.3092e-02 (6.6302e-02)
Evaluate ...
{'ACC': 0.8719, 'ARI': 0.7502607681156783, 'NMI': 0.782054753357823, 'ACC Top-5': 0.9902, 'hungarian_match': [(0, 0), (1, 6), (2, 1), (3, 3), (4, 5), (5, 9), (6, 7), (7, 8), (8, 4), (9, 2)]}
Checkpoint ...
Epoch 91/200
----------
Adjusted learning rate to 0.00010
Train ...
Epoch: [90][ 0/50]	Loss 7.7338e-02 (7.7338e-02)
Epoch: [90][25/50]	Loss 1.0004e-01 (7.2656e-02)
Evaluate ...
{'ACC': 0.8777, 'ARI': 0.7606450962870672, 'NMI': 0.7891836666661832, 'ACC Top-5': 0.9891, 'hungarian_match': [(0, 0), (1, 6), (2, 1), (3, 3), (4, 5), (5, 9), (6, 7), (7, 8), (8, 4), (9, 2)]}
Checkpoint ...
Epoch 92/200
----------
Adjusted learning rate to 0.00010
Train ...
Epoch: [91][ 0/50]	Loss 9.5304e-02 (9.5304e-02)
Epoch: [91][25/50]	Loss 7.2586e-02 (7.0684e-02)
Evaluate ...
{'ACC': 0.8751, 'ARI': 0.7584523689070428, 'NMI': 0.7872992807069159, 'ACC Top-5': 0.9889, 'hungarian_match': [(0, 0), (1, 6), (2, 1), (3, 3), (4, 5), (5, 9), (6, 7), (7, 8), (8, 4), (9, 2)]}
Checkpoint ...
Epoch 93/200
----------
Adjusted learning rate to 0.00010
Train ...
Epoch: [92][ 0/50]	Loss 6.8497e-02 (6.8497e-02)
Epoch: [92][25/50]	Loss 6.5451e-02 (6.5709e-02)
Evaluate ...
{'ACC': 0.8767, 'ARI': 0.7614241691562385, 'NMI': 0.7880560024292436, 'ACC Top-5': 0.9854, 'hungarian_match': [(0, 0), (1, 6), (2, 1), (3, 3), (4, 5), (5, 9), (6, 7), (7, 8), (8, 4), (9, 2)]}
Checkpoint ...
Epoch 94/200
----------
Adjusted learning rate to 0.00010
Train ...
Epoch: [93][ 0/50]	Loss 8.1699e-02 (8.1699e-02)
Epoch: [93][25/50]	Loss 6.9900e-02 (7.0201e-02)
Evaluate ...
{'ACC': 0.8745, 'ARI': 0.7554682391761193, 'NMI': 0.7839844088152538, 'ACC Top-5': 0.9848, 'hungarian_match': [(0, 0), (1, 6), (2, 1), (3, 3), (4, 5), (5, 9), (6, 7), (7, 8), (8, 4), (9, 2)]}
Checkpoint ...
Epoch 95/200
----------
Adjusted learning rate to 0.00010
Train ...
Epoch: [94][ 0/50]	Loss 5.5235e-02 (5.5235e-02)
Epoch: [94][25/50]	Loss 8.0888e-02 (6.9524e-02)
Evaluate ...
{'ACC': 0.8743, 'ARI': 0.7580851245044318, 'NMI': 0.7840905846933477, 'ACC Top-5': 0.9854, 'hungarian_match': [(0, 0), (1, 6), (2, 1), (3, 3), (4, 5), (5, 9), (6, 7), (7, 8), (8, 4), (9, 2)]}
Checkpoint ...
Epoch 96/200
----------
Adjusted learning rate to 0.00010
Train ...
Epoch: [95][ 0/50]	Loss 9.9549e-02 (9.9549e-02)
Epoch: [95][25/50]	Loss 6.5869e-02 (7.1497e-02)
Evaluate ...
{'ACC': 0.8748, 'ARI': 0.7569374788358224, 'NMI': 0.7849659519172975, 'ACC Top-5': 0.9869, 'hungarian_match': [(0, 0), (1, 6), (2, 1), (3, 3), (4, 5), (5, 9), (6, 7), (7, 8), (8, 4), (9, 2)]}
Checkpoint ...
Epoch 97/200
----------
Adjusted learning rate to 0.00010
Train ...
Epoch: [96][ 0/50]	Loss 5.9591e-02 (5.9591e-02)
Epoch: [96][25/50]	Loss 6.9139e-02 (7.2045e-02)
Evaluate ...
{'ACC': 0.8755, 'ARI': 0.7583158632139609, 'NMI': 0.7864012503944904, 'ACC Top-5': 0.9914, 'hungarian_match': [(0, 0), (1, 6), (2, 1), (3, 3), (4, 5), (5, 9), (6, 7), (7, 8), (8, 4), (9, 2)]}
Checkpoint ...
Epoch 98/200
----------
Adjusted learning rate to 0.00010
Train ...
Epoch: [97][ 0/50]	Loss 5.9392e-02 (5.9392e-02)
Epoch: [97][25/50]	Loss 6.4277e-02 (7.1053e-02)
Evaluate ...
{'ACC': 0.8786, 'ARI': 0.7634894290445362, 'NMI': 0.7907856050776736, 'ACC Top-5': 0.9892, 'hungarian_match': [(0, 0), (1, 6), (2, 1), (3, 3), (4, 5), (5, 9), (6, 7), (7, 8), (8, 4), (9, 2)]}
Checkpoint ...
Epoch 99/200
----------
Adjusted learning rate to 0.00010
Train ...
Epoch: [98][ 0/50]	Loss 5.3033e-02 (5.3033e-02)
Epoch: [98][25/50]	Loss 6.0453e-02 (6.9727e-02)
Evaluate ...
{'ACC': 0.8774, 'ARI': 0.7606646462140596, 'NMI': 0.7871878405344572, 'ACC Top-5': 0.9896, 'hungarian_match': [(0, 0), (1, 6), (2, 1), (3, 3), (4, 5), (5, 9), (6, 7), (7, 8), (8, 4), (9, 2)]}
Checkpoint ...
Epoch 100/200
----------
Adjusted learning rate to 0.00010
Train ...
Epoch: [99][ 0/50]	Loss 7.2713e-02 (7.2713e-02)
Epoch: [99][25/50]	Loss 8.1148e-02 (7.0362e-02)
Evaluate ...
{'ACC': 0.8795, 'ARI': 0.7651030041971553, 'NMI': 0.7902358744548466, 'ACC Top-5': 0.9887, 'hungarian_match': [(0, 0), (1, 6), (2, 1), (3, 3), (4, 5), (5, 9), (6, 7), (7, 8), (8, 4), (9, 2)]}
Checkpoint ...
Epoch 101/200
----------
Adjusted learning rate to 0.00010
Train ...
Epoch: [100][ 0/50]	Loss 6.4667e-02 (6.4667e-02)
Epoch: [100][25/50]	Loss 7.5542e-02 (6.7785e-02)
Evaluate ...
{'ACC': 0.8765, 'ARI': 0.7604120262195587, 'NMI': 0.7884616204982293, 'ACC Top-5': 0.9893, 'hungarian_match': [(0, 0), (1, 6), (2, 1), (3, 3), (4, 5), (5, 9), (6, 7), (7, 8), (8, 4), (9, 2)]}
Checkpoint ...
Epoch 102/200
----------
Adjusted learning rate to 0.00010
Train ...
Epoch: [101][ 0/50]	Loss 9.2163e-02 (9.2163e-02)
Epoch: [101][25/50]	Loss 7.7220e-02 (7.4457e-02)
Evaluate ...
{'ACC': 0.8808, 'ARI': 0.7667358683068175, 'NMI': 0.792605790236469, 'ACC Top-5': 0.991, 'hungarian_match': [(0, 0), (1, 6), (2, 1), (3, 3), (4, 5), (5, 9), (6, 7), (7, 8), (8, 4), (9, 2)]}
Checkpoint ...
Epoch 103/200
----------
Adjusted learning rate to 0.00010
Train ...
Epoch: [102][ 0/50]	Loss 6.8291e-02 (6.8291e-02)
Epoch: [102][25/50]	Loss 8.2684e-02 (7.2699e-02)
Evaluate ...
{'ACC': 0.8747, 'ARI': 0.7553780138821894, 'NMI': 0.7835940999452395, 'ACC Top-5': 0.9899, 'hungarian_match': [(0, 0), (1, 6), (2, 1), (3, 3), (4, 5), (5, 9), (6, 7), (7, 8), (8, 4), (9, 2)]}
Checkpoint ...
Epoch 104/200
----------
Adjusted learning rate to 0.00010
Train ...
Epoch: [103][ 0/50]	Loss 6.6278e-02 (6.6278e-02)
Epoch: [103][25/50]	Loss 6.9570e-02 (6.5610e-02)
Evaluate ...
{'ACC': 0.8732, 'ARI': 0.7541465841512025, 'NMI': 0.7868913414114416, 'ACC Top-5': 0.9913, 'hungarian_match': [(0, 0), (1, 6), (2, 1), (3, 3), (4, 5), (5, 9), (6, 7), (7, 8), (8, 4), (9, 2)]}
Checkpoint ...
Epoch 105/200
----------
Adjusted learning rate to 0.00010
Train ...
Epoch: [104][ 0/50]	Loss 7.5890e-02 (7.5890e-02)
Epoch: [104][25/50]	Loss 7.1181e-02 (6.7235e-02)
Evaluate ...
{'ACC': 0.8766, 'ARI': 0.760163402246584, 'NMI': 0.7883209078583279, 'ACC Top-5': 0.9927, 'hungarian_match': [(0, 0), (1, 6), (2, 1), (3, 3), (4, 5), (5, 9), (6, 7), (7, 8), (8, 4), (9, 2)]}
Checkpoint ...
Epoch 106/200
----------
Adjusted learning rate to 0.00010
Train ...
Epoch: [105][ 0/50]	Loss 7.4843e-02 (7.4843e-02)
Epoch: [105][25/50]	Loss 7.7030e-02 (7.2218e-02)
Evaluate ...
{'ACC': 0.8756, 'ARI': 0.7584644729140484, 'NMI': 0.7884464159663248, 'ACC Top-5': 0.9919, 'hungarian_match': [(0, 0), (1, 6), (2, 1), (3, 3), (4, 5), (5, 9), (6, 7), (7, 8), (8, 4), (9, 2)]}
Checkpoint ...
Epoch 107/200
----------
Adjusted learning rate to 0.00010
Train ...
Epoch: [106][ 0/50]	Loss 7.1396e-02 (7.1396e-02)
Epoch: [106][25/50]	Loss 7.9548e-02 (6.7673e-02)
Evaluate ...
{'ACC': 0.876, 'ARI': 0.7599455550306327, 'NMI': 0.7879160427764531, 'ACC Top-5': 0.9922, 'hungarian_match': [(0, 0), (1, 6), (2, 1), (3, 3), (4, 5), (5, 9), (6, 7), (7, 8), (8, 4), (9, 2)]}
Checkpoint ...
Epoch 108/200
----------
Adjusted learning rate to 0.00010
Train ...
Epoch: [107][ 0/50]	Loss 7.3914e-02 (7.3914e-02)
Epoch: [107][25/50]	Loss 7.3334e-02 (7.4135e-02)
Evaluate ...
{'ACC': 0.8784, 'ARI': 0.7626784039405813, 'NMI': 0.7898667904156033, 'ACC Top-5': 0.9916, 'hungarian_match': [(0, 0), (1, 6), (2, 1), (3, 3), (4, 5), (5, 9), (6, 7), (7, 8), (8, 4), (9, 2)]}
Checkpoint ...
Epoch 109/200
----------
Adjusted learning rate to 0.00010
Train ...
Epoch: [108][ 0/50]	Loss 7.2495e-02 (7.2495e-02)
Epoch: [108][25/50]	Loss 5.6166e-02 (7.3790e-02)
Evaluate ...
{'ACC': 0.8757, 'ARI': 0.7577778704496744, 'NMI': 0.7847847944069104, 'ACC Top-5': 0.9916, 'hungarian_match': [(0, 0), (1, 6), (2, 1), (3, 3), (4, 5), (5, 9), (6, 7), (7, 8), (8, 4), (9, 2)]}
Checkpoint ...
Epoch 110/200
----------
Adjusted learning rate to 0.00010
Train ...
Epoch: [109][ 0/50]	Loss 5.9734e-02 (5.9734e-02)
Epoch: [109][25/50]	Loss 5.5301e-02 (6.7598e-02)
Evaluate ...
{'ACC': 0.8751, 'ARI': 0.757497223639852, 'NMI': 0.7853094339259684, 'ACC Top-5': 0.9901, 'hungarian_match': [(0, 0), (1, 6), (2, 1), (3, 3), (4, 5), (5, 9), (6, 7), (7, 8), (8, 4), (9, 2)]}
Checkpoint ...
Epoch 111/200
----------
Adjusted learning rate to 0.00010
Train ...
Epoch: [110][ 0/50]	Loss 6.9403e-02 (6.9403e-02)
Epoch: [110][25/50]	Loss 9.2550e-02 (6.6481e-02)
Evaluate ...
{'ACC': 0.8756, 'ARI': 0.7592152443579487, 'NMI': 0.7858575539320695, 'ACC Top-5': 0.9897, 'hungarian_match': [(0, 0), (1, 6), (2, 1), (3, 3), (4, 5), (5, 9), (6, 7), (7, 8), (8, 4), (9, 2)]}
Checkpoint ...
Epoch 112/200
----------
Adjusted learning rate to 0.00010
Train ...
Epoch: [111][ 0/50]	Loss 7.0288e-02 (7.0288e-02)
Epoch: [111][25/50]	Loss 8.5286e-02 (6.5863e-02)
Evaluate ...
{'ACC': 0.8763, 'ARI': 0.7618287709505909, 'NMI': 0.7873599993676664, 'ACC Top-5': 0.9862, 'hungarian_match': [(0, 0), (1, 6), (2, 1), (3, 3), (4, 5), (5, 9), (6, 7), (7, 8), (8, 4), (9, 2)]}
Checkpoint ...
Epoch 113/200
----------
Adjusted learning rate to 0.00010
Train ...
Epoch: [112][ 0/50]	Loss 6.8935e-02 (6.8935e-02)
Epoch: [112][25/50]	Loss 6.7548e-02 (6.7908e-02)
Evaluate ...
{'ACC': 0.876, 'ARI': 0.7585686721546704, 'NMI': 0.7854087748947771, 'ACC Top-5': 0.9863, 'hungarian_match': [(0, 0), (1, 6), (2, 1), (3, 3), (4, 5), (5, 9), (6, 7), (7, 8), (8, 4), (9, 2)]}
Checkpoint ...
Epoch 114/200
----------
Adjusted learning rate to 0.00010
Train ...
Epoch: [113][ 0/50]	Loss 8.7076e-02 (8.7076e-02)
Epoch: [113][25/50]	Loss 6.7407e-02 (7.4377e-02)
Evaluate ...
{'ACC': 0.876, 'ARI': 0.7604780940757214, 'NMI': 0.7879507190927618, 'ACC Top-5': 0.9906, 'hungarian_match': [(0, 0), (1, 6), (2, 1), (3, 3), (4, 5), (5, 9), (6, 7), (7, 8), (8, 4), (9, 2)]}
Checkpoint ...
Epoch 115/200
----------
Adjusted learning rate to 0.00010
Train ...
Epoch: [114][ 0/50]	Loss 5.7280e-02 (5.7280e-02)
Epoch: [114][25/50]	Loss 5.3239e-02 (6.4008e-02)
Evaluate ...
{'ACC': 0.8772, 'ARI': 0.762565413280418, 'NMI': 0.7898553578669185, 'ACC Top-5': 0.9899, 'hungarian_match': [(0, 0), (1, 6), (2, 1), (3, 3), (4, 5), (5, 9), (6, 7), (7, 8), (8, 4), (9, 2)]}
Checkpoint ...
Epoch 116/200
----------
Adjusted learning rate to 0.00010
Train ...
Epoch: [115][ 0/50]	Loss 5.8058e-02 (5.8058e-02)
Epoch: [115][25/50]	Loss 5.0273e-02 (6.6148e-02)
Evaluate ...
{'ACC': 0.8794, 'ARI': 0.7647392905654025, 'NMI': 0.79192648189642, 'ACC Top-5': 0.9898, 'hungarian_match': [(0, 0), (1, 6), (2, 1), (3, 3), (4, 5), (5, 9), (6, 7), (7, 8), (8, 4), (9, 2)]}
Checkpoint ...
Epoch 117/200
----------
Adjusted learning rate to 0.00010
Train ...
Epoch: [116][ 0/50]	Loss 8.9789e-02 (8.9789e-02)
Epoch: [116][25/50]	Loss 5.8509e-02 (6.9412e-02)
Evaluate ...
{'ACC': 0.8796, 'ARI': 0.7644367630978305, 'NMI': 0.7913426820955728, 'ACC Top-5': 0.9886, 'hungarian_match': [(0, 0), (1, 6), (2, 1), (3, 3), (4, 5), (5, 9), (6, 7), (7, 8), (8, 4), (9, 2)]}
Checkpoint ...
Epoch 118/200
----------
Adjusted learning rate to 0.00010
Train ...
Epoch: [117][ 0/50]	Loss 8.7948e-02 (8.7948e-02)
Epoch: [117][25/50]	Loss 7.9913e-02 (6.6283e-02)
Evaluate ...
{'ACC': 0.8735, 'ARI': 0.7550068955240282, 'NMI': 0.7819313060969308, 'ACC Top-5': 0.9872, 'hungarian_match': [(0, 0), (1, 6), (2, 1), (3, 3), (4, 5), (5, 9), (6, 7), (7, 8), (8, 4), (9, 2)]}
Checkpoint ...
Epoch 119/200
----------
Adjusted learning rate to 0.00010
Train ...
Epoch: [118][ 0/50]	Loss 6.0849e-02 (6.0849e-02)
Epoch: [118][25/50]	Loss 5.3762e-02 (7.0950e-02)
Evaluate ...
{'ACC': 0.8783, 'ARI': 0.7620642344724624, 'NMI': 0.7913583725479193, 'ACC Top-5': 0.988, 'hungarian_match': [(0, 0), (1, 6), (2, 1), (3, 3), (4, 5), (5, 9), (6, 7), (7, 8), (8, 4), (9, 2)]}
Checkpoint ...
Epoch 120/200
----------
Adjusted learning rate to 0.00010
Train ...
Epoch: [119][ 0/50]	Loss 7.2959e-02 (7.2959e-02)
Epoch: [119][25/50]	Loss 7.0500e-02 (7.2134e-02)
Evaluate ...
{'ACC': 0.8755, 'ARI': 0.7584592860936775, 'NMI': 0.7869658634649209, 'ACC Top-5': 0.9909, 'hungarian_match': [(0, 0), (1, 6), (2, 1), (3, 3), (4, 5), (5, 9), (6, 7), (7, 8), (8, 4), (9, 2)]}
Checkpoint ...
Epoch 121/200
----------
Adjusted learning rate to 0.00010
Train ...
Epoch: [120][ 0/50]	Loss 5.4353e-02 (5.4353e-02)
Epoch: [120][25/50]	Loss 6.0694e-02 (6.6592e-02)
Evaluate ...
{'ACC': 0.8765, 'ARI': 0.7613957887643079, 'NMI': 0.7894050416559473, 'ACC Top-5': 0.9903, 'hungarian_match': [(0, 0), (1, 6), (2, 1), (3, 3), (4, 5), (5, 9), (6, 7), (7, 8), (8, 4), (9, 2)]}
Checkpoint ...
Epoch 122/200
----------
Adjusted learning rate to 0.00010
Train ...
Epoch: [121][ 0/50]	Loss 1.1021e-01 (1.1021e-01)
Epoch: [121][25/50]	Loss 8.3749e-02 (6.9083e-02)
Evaluate ...
{'ACC': 0.8808, 'ARI': 0.768159998207982, 'NMI': 0.7933362655229399, 'ACC Top-5': 0.9919, 'hungarian_match': [(0, 0), (1, 6), (2, 1), (3, 3), (4, 5), (5, 9), (6, 7), (7, 8), (8, 4), (9, 2)]}
Checkpoint ...
Epoch 123/200
----------
Adjusted learning rate to 0.00010
Train ...
Epoch: [122][ 0/50]	Loss 7.9484e-02 (7.9484e-02)
Epoch: [122][25/50]	Loss 9.0553e-02 (6.7592e-02)
Evaluate ...
{'ACC': 0.8775, 'ARI': 0.7618832252831509, 'NMI': 0.7885018358461494, 'ACC Top-5': 0.992, 'hungarian_match': [(0, 0), (1, 6), (2, 1), (3, 3), (4, 5), (5, 9), (6, 7), (7, 8), (8, 4), (9, 2)]}
Checkpoint ...
Epoch 124/200
----------
Adjusted learning rate to 0.00010
Train ...
Epoch: [123][ 0/50]	Loss 5.8623e-02 (5.8623e-02)
Epoch: [123][25/50]	Loss 4.6108e-02 (6.5746e-02)
Evaluate ...
{'ACC': 0.8777, 'ARI': 0.7620274252223431, 'NMI': 0.790537342863665, 'ACC Top-5': 0.9908, 'hungarian_match': [(0, 0), (1, 6), (2, 1), (3, 3), (4, 5), (5, 9), (6, 7), (7, 8), (8, 4), (9, 2)]}
Checkpoint ...
Epoch 125/200
----------
Adjusted learning rate to 0.00010
Train ...
Epoch: [124][ 0/50]	Loss 8.6383e-02 (8.6383e-02)
Epoch: [124][25/50]	Loss 4.1801e-02 (6.8854e-02)
Evaluate ...
{'ACC': 0.8769, 'ARI': 0.7623874267606134, 'NMI': 0.7880518243439358, 'ACC Top-5': 0.989, 'hungarian_match': [(0, 0), (1, 6), (2, 1), (3, 3), (4, 5), (5, 9), (6, 7), (7, 8), (8, 4), (9, 2)]}
Checkpoint ...
Epoch 126/200
----------
Adjusted learning rate to 0.00010
Train ...
Epoch: [125][ 0/50]	Loss 7.7313e-02 (7.7313e-02)
Epoch: [125][25/50]	Loss 9.2169e-02 (6.8043e-02)
Evaluate ...
{'ACC': 0.8789, 'ARI': 0.7648311834321051, 'NMI': 0.7896485326474006, 'ACC Top-5': 0.9914, 'hungarian_match': [(0, 0), (1, 6), (2, 1), (3, 3), (4, 5), (5, 9), (6, 7), (7, 8), (8, 4), (9, 2)]}
Checkpoint ...
Epoch 127/200
----------
Adjusted learning rate to 0.00010
Train ...
Epoch: [126][ 0/50]	Loss 7.5197e-02 (7.5197e-02)
Epoch: [126][25/50]	Loss 7.7134e-02 (6.8609e-02)
Evaluate ...
{'ACC': 0.881, 'ARI': 0.7673885291620415, 'NMI': 0.7947384946987075, 'ACC Top-5': 0.9927, 'hungarian_match': [(0, 0), (1, 6), (2, 1), (3, 3), (4, 5), (5, 9), (6, 7), (7, 8), (8, 4), (9, 2)]}
Checkpoint ...
Epoch 128/200
----------
Adjusted learning rate to 0.00010
Train ...
Epoch: [127][ 0/50]	Loss 8.2464e-02 (8.2464e-02)
Epoch: [127][25/50]	Loss 7.0825e-02 (7.3421e-02)
Evaluate ...
{'ACC': 0.8772, 'ARI': 0.7609156209863601, 'NMI': 0.7865972278905017, 'ACC Top-5': 0.9914, 'hungarian_match': [(0, 0), (1, 6), (2, 1), (3, 3), (4, 5), (5, 9), (6, 7), (7, 8), (8, 4), (9, 2)]}
Checkpoint ...
Epoch 129/200
----------
Adjusted learning rate to 0.00010
Train ...
Epoch: [128][ 0/50]	Loss 7.6450e-02 (7.6450e-02)
Epoch: [128][25/50]	Loss 7.0646e-02 (6.9520e-02)
Evaluate ...
{'ACC': 0.879, 'ARI': 0.7637937064188318, 'NMI': 0.7924804958025877, 'ACC Top-5': 0.9921, 'hungarian_match': [(0, 0), (1, 6), (2, 1), (3, 3), (4, 5), (5, 9), (6, 7), (7, 8), (8, 4), (9, 2)]}
Checkpoint ...
Epoch 130/200
----------
Adjusted learning rate to 0.00010
Train ...
Epoch: [129][ 0/50]	Loss 7.4367e-02 (7.4367e-02)
Epoch: [129][25/50]	Loss 1.0092e-01 (6.8368e-02)
Evaluate ...
{'ACC': 0.8785, 'ARI': 0.7635899973781703, 'NMI': 0.7885988565343356, 'ACC Top-5': 0.9885, 'hungarian_match': [(0, 0), (1, 6), (2, 1), (3, 3), (4, 5), (5, 9), (6, 7), (7, 8), (8, 4), (9, 2)]}
Checkpoint ...
Epoch 131/200
----------
Adjusted learning rate to 0.00010
Train ...
Epoch: [130][ 0/50]	Loss 8.9943e-02 (8.9943e-02)
Epoch: [130][25/50]	Loss 8.4367e-02 (7.0821e-02)
Evaluate ...
{'ACC': 0.8786, 'ARI': 0.763592093607109, 'NMI': 0.7872902468829178, 'ACC Top-5': 0.9892, 'hungarian_match': [(0, 0), (1, 6), (2, 1), (3, 3), (4, 5), (5, 9), (6, 7), (7, 8), (8, 4), (9, 2)]}
Checkpoint ...
Epoch 132/200
----------
Adjusted learning rate to 0.00010
Train ...
Epoch: [131][ 0/50]	Loss 4.1569e-02 (4.1569e-02)
Epoch: [131][25/50]	Loss 7.6880e-02 (6.5896e-02)
Evaluate ...
{'ACC': 0.8764, 'ARI': 0.7603273806597195, 'NMI': 0.7851033031861727, 'ACC Top-5': 0.989, 'hungarian_match': [(0, 0), (1, 6), (2, 1), (3, 3), (4, 5), (5, 9), (6, 7), (7, 8), (8, 4), (9, 2)]}
Checkpoint ...
Epoch 133/200
----------
Adjusted learning rate to 0.00010
Train ...
Epoch: [132][ 0/50]	Loss 6.6882e-02 (6.6882e-02)
Epoch: [132][25/50]	Loss 5.6566e-02 (6.4060e-02)
Evaluate ...
{'ACC': 0.876, 'ARI': 0.7595423342830777, 'NMI': 0.7876911857510904, 'ACC Top-5': 0.991, 'hungarian_match': [(0, 0), (1, 6), (2, 1), (3, 3), (4, 5), (5, 9), (6, 7), (7, 8), (8, 4), (9, 2)]}
Checkpoint ...
Epoch 134/200
----------
Adjusted learning rate to 0.00010
Train ...
Epoch: [133][ 0/50]	Loss 9.3025e-02 (9.3025e-02)
Epoch: [133][25/50]	Loss 6.3933e-02 (7.0698e-02)
Evaluate ...
{'ACC': 0.8781, 'ARI': 0.7628948845985354, 'NMI': 0.7866086836688392, 'ACC Top-5': 0.9877, 'hungarian_match': [(0, 0), (1, 6), (2, 1), (3, 3), (4, 5), (5, 9), (6, 7), (7, 8), (8, 4), (9, 2)]}
Checkpoint ...
Epoch 135/200
----------
Adjusted learning rate to 0.00010
Train ...
Epoch: [134][ 0/50]	Loss 5.9964e-02 (5.9964e-02)
Epoch: [134][25/50]	Loss 6.2398e-02 (6.7852e-02)
Evaluate ...
{'ACC': 0.8807, 'ARI': 0.7666781831473441, 'NMI': 0.79327172896128, 'ACC Top-5': 0.9889, 'hungarian_match': [(0, 0), (1, 6), (2, 1), (3, 3), (4, 5), (5, 9), (6, 7), (7, 8), (8, 4), (9, 2)]}
Checkpoint ...
Epoch 136/200
----------
Adjusted learning rate to 0.00010
Train ...
Epoch: [135][ 0/50]	Loss 7.4132e-02 (7.4132e-02)
Epoch: [135][25/50]	Loss 7.8247e-02 (6.8010e-02)
Evaluate ...
{'ACC': 0.8782, 'ARI': 0.7640903115218303, 'NMI': 0.7898512093194141, 'ACC Top-5': 0.989, 'hungarian_match': [(0, 0), (1, 6), (2, 1), (3, 3), (4, 5), (5, 9), (6, 7), (7, 8), (8, 4), (9, 2)]}
Checkpoint ...
Epoch 137/200
----------
Adjusted learning rate to 0.00010
Train ...
Epoch: [136][ 0/50]	Loss 6.2331e-02 (6.2331e-02)
Epoch: [136][25/50]	Loss 6.2065e-02 (6.7030e-02)
Evaluate ...
{'ACC': 0.8785, 'ARI': 0.7620134498498211, 'NMI': 0.7898362828220957, 'ACC Top-5': 0.9885, 'hungarian_match': [(0, 0), (1, 6), (2, 1), (3, 3), (4, 5), (5, 9), (6, 7), (7, 8), (8, 4), (9, 2)]}
Checkpoint ...
Epoch 138/200
----------
Adjusted learning rate to 0.00010
Train ...
Epoch: [137][ 0/50]	Loss 5.0016e-02 (5.0016e-02)
Epoch: [137][25/50]	Loss 4.2889e-02 (6.4781e-02)
Evaluate ...
{'ACC': 0.8826, 'ARI': 0.7703092886767156, 'NMI': 0.7970173618853753, 'ACC Top-5': 0.9879, 'hungarian_match': [(0, 0), (1, 6), (2, 1), (3, 3), (4, 5), (5, 9), (6, 7), (7, 8), (8, 4), (9, 2)]}
Checkpoint ...
Epoch 139/200
----------
Adjusted learning rate to 0.00010
Train ...
Epoch: [138][ 0/50]	Loss 6.0542e-02 (6.0542e-02)
Epoch: [138][25/50]	Loss 7.7360e-02 (6.7519e-02)
Evaluate ...
{'ACC': 0.8795, 'ARI': 0.7662569752159142, 'NMI': 0.7915061915042467, 'ACC Top-5': 0.9892, 'hungarian_match': [(0, 0), (1, 6), (2, 1), (3, 3), (4, 5), (5, 9), (6, 7), (7, 8), (8, 4), (9, 2)]}
Checkpoint ...
Epoch 140/200
----------
Adjusted learning rate to 0.00010
Train ...
Epoch: [139][ 0/50]	Loss 5.0513e-02 (5.0513e-02)
Epoch: [139][25/50]	Loss 5.9782e-02 (6.4407e-02)
Evaluate ...
{'ACC': 0.8809, 'ARI': 0.7676124400763187, 'NMI': 0.7933048948103406, 'ACC Top-5': 0.9863, 'hungarian_match': [(0, 0), (1, 6), (2, 1), (3, 3), (4, 5), (5, 9), (6, 7), (7, 8), (8, 4), (9, 2)]}
Checkpoint ...
Epoch 141/200
----------
Adjusted learning rate to 0.00010
Train ...
Epoch: [140][ 0/50]	Loss 8.4062e-02 (8.4062e-02)
Epoch: [140][25/50]	Loss 5.3096e-02 (6.6266e-02)
Evaluate ...
{'ACC': 0.881, 'ARI': 0.7671074998580242, 'NMI': 0.7924434378414981, 'ACC Top-5': 0.9889, 'hungarian_match': [(0, 0), (1, 6), (2, 1), (3, 3), (4, 5), (5, 9), (6, 7), (7, 8), (8, 4), (9, 2)]}
Checkpoint ...
Epoch 142/200
----------
Adjusted learning rate to 0.00010
Train ...
Epoch: [141][ 0/50]	Loss 7.0404e-02 (7.0404e-02)
Epoch: [141][25/50]	Loss 4.9375e-02 (6.8095e-02)
Evaluate ...
{'ACC': 0.8814, 'ARI': 0.7672827308489347, 'NMI': 0.7949884386798598, 'ACC Top-5': 0.9872, 'hungarian_match': [(0, 0), (1, 6), (2, 1), (3, 3), (4, 5), (5, 9), (6, 7), (7, 8), (8, 4), (9, 2)]}
Checkpoint ...
Epoch 143/200
----------
Adjusted learning rate to 0.00010
Train ...
Epoch: [142][ 0/50]	Loss 1.1266e-01 (1.1266e-01)
Epoch: [142][25/50]	Loss 7.1840e-02 (6.9288e-02)
Evaluate ...
{'ACC': 0.8813, 'ARI': 0.7694959577357114, 'NMI': 0.7946733987547627, 'ACC Top-5': 0.9895, 'hungarian_match': [(0, 0), (1, 6), (2, 1), (3, 3), (4, 5), (5, 9), (6, 7), (7, 8), (8, 4), (9, 2)]}
Checkpoint ...
Epoch 144/200
----------
Adjusted learning rate to 0.00010
Train ...
Epoch: [143][ 0/50]	Loss 5.9701e-02 (5.9701e-02)
Epoch: [143][25/50]	Loss 6.4241e-02 (6.6327e-02)
Evaluate ...
{'ACC': 0.8821, 'ARI': 0.7685928250763829, 'NMI': 0.7947974627341884, 'ACC Top-5': 0.9913, 'hungarian_match': [(0, 0), (1, 6), (2, 1), (3, 3), (4, 5), (5, 9), (6, 7), (7, 8), (8, 4), (9, 2)]}
Checkpoint ...
Epoch 145/200
----------
Adjusted learning rate to 0.00010
Train ...
Epoch: [144][ 0/50]	Loss 6.8025e-02 (6.8025e-02)
Epoch: [144][25/50]	Loss 7.6966e-02 (6.3424e-02)
Evaluate ...
{'ACC': 0.8801, 'ARI': 0.7667449129733109, 'NMI': 0.7924028799556289, 'ACC Top-5': 0.9872, 'hungarian_match': [(0, 0), (1, 6), (2, 1), (3, 3), (4, 5), (5, 9), (6, 7), (7, 8), (8, 4), (9, 2)]}
Checkpoint ...
Epoch 146/200
----------
Adjusted learning rate to 0.00010
Train ...
Epoch: [145][ 0/50]	Loss 6.0869e-02 (6.0869e-02)
Epoch: [145][25/50]	Loss 6.8061e-02 (7.1757e-02)
Evaluate ...
{'ACC': 0.8801, 'ARI': 0.7668773375598349, 'NMI': 0.7913167204417192, 'ACC Top-5': 0.986, 'hungarian_match': [(0, 0), (1, 6), (2, 1), (3, 3), (4, 5), (5, 9), (6, 7), (7, 8), (8, 4), (9, 2)]}
Checkpoint ...
Epoch 147/200
----------
Adjusted learning rate to 0.00010
Train ...
Epoch: [146][ 0/50]	Loss 7.3539e-02 (7.3539e-02)
Epoch: [146][25/50]	Loss 4.8810e-02 (6.5640e-02)
Evaluate ...
{'ACC': 0.8813, 'ARI': 0.7677122122717166, 'NMI': 0.7936958178403036, 'ACC Top-5': 0.988, 'hungarian_match': [(0, 0), (1, 6), (2, 1), (3, 3), (4, 5), (5, 9), (6, 7), (7, 8), (8, 4), (9, 2)]}
Checkpoint ...
Epoch 148/200
----------
Adjusted learning rate to 0.00010
Train ...
Epoch: [147][ 0/50]	Loss 7.8986e-02 (7.8986e-02)
Epoch: [147][25/50]	Loss 4.7591e-02 (6.8212e-02)
Evaluate ...
{'ACC': 0.8826, 'ARI': 0.7704014502723678, 'NMI': 0.7967027828468154, 'ACC Top-5': 0.9855, 'hungarian_match': [(0, 0), (1, 6), (2, 1), (3, 3), (4, 5), (5, 9), (6, 7), (7, 8), (8, 4), (9, 2)]}
Checkpoint ...
Epoch 149/200
----------
Adjusted learning rate to 0.00010
Train ...
Epoch: [148][ 0/50]	Loss 5.4186e-02 (5.4186e-02)
Epoch: [148][25/50]	Loss 4.7041e-02 (6.6913e-02)
Evaluate ...
{'ACC': 0.8782, 'ARI': 0.7643910486867684, 'NMI': 0.7904627382579205, 'ACC Top-5': 0.9878, 'hungarian_match': [(0, 0), (1, 6), (2, 1), (3, 3), (4, 5), (5, 9), (6, 7), (7, 8), (8, 4), (9, 2)]}
Checkpoint ...
Epoch 150/200
----------
Adjusted learning rate to 0.00010
Train ...
Epoch: [149][ 0/50]	Loss 6.9087e-02 (6.9087e-02)
Epoch: [149][25/50]	Loss 6.2400e-02 (6.1711e-02)
Evaluate ...
{'ACC': 0.8817, 'ARI': 0.7682822492876378, 'NMI': 0.7931635306416168, 'ACC Top-5': 0.988, 'hungarian_match': [(0, 0), (1, 6), (2, 1), (3, 3), (4, 5), (5, 9), (6, 7), (7, 8), (8, 4), (9, 2)]}
Checkpoint ...
Epoch 151/200
----------
Adjusted learning rate to 0.00010
Train ...
Epoch: [150][ 0/50]	Loss 7.8984e-02 (7.8984e-02)
Epoch: [150][25/50]	Loss 4.0613e-02 (6.7004e-02)
Evaluate ...
{'ACC': 0.8801, 'ARI': 0.7670153994099632, 'NMI': 0.7925334347651612, 'ACC Top-5': 0.9849, 'hungarian_match': [(0, 0), (1, 6), (2, 1), (3, 3), (4, 5), (5, 9), (6, 7), (7, 8), (8, 4), (9, 2)]}
Checkpoint ...
Epoch 152/200
----------
Adjusted learning rate to 0.00010
Train ...
Epoch: [151][ 0/50]	Loss 4.8680e-02 (4.8680e-02)
Epoch: [151][25/50]	Loss 6.2303e-02 (6.9429e-02)
Evaluate ...
{'ACC': 0.8813, 'ARI': 0.7690403427924225, 'NMI': 0.7943839459619608, 'ACC Top-5': 0.9879, 'hungarian_match': [(0, 0), (1, 6), (2, 1), (3, 3), (4, 5), (5, 9), (6, 7), (7, 8), (8, 4), (9, 2)]}
Checkpoint ...
Epoch 153/200
----------
Adjusted learning rate to 0.00010
Train ...
Epoch: [152][ 0/50]	Loss 6.0289e-02 (6.0289e-02)
Epoch: [152][25/50]	Loss 9.6591e-02 (6.4700e-02)
Evaluate ...
{'ACC': 0.8818, 'ARI': 0.7692490203196634, 'NMI': 0.7936050328257157, 'ACC Top-5': 0.9898, 'hungarian_match': [(0, 0), (1, 6), (2, 1), (3, 3), (4, 5), (5, 9), (6, 7), (7, 8), (8, 4), (9, 2)]}
Checkpoint ...
Epoch 154/200
----------
Adjusted learning rate to 0.00010
Train ...
Epoch: [153][ 0/50]	Loss 6.8084e-02 (6.8084e-02)
Epoch: [153][25/50]	Loss 8.5417e-02 (6.4291e-02)
Evaluate ...
{'ACC': 0.8805, 'ARI': 0.7687534084262875, 'NMI': 0.7950197744063363, 'ACC Top-5': 0.9875, 'hungarian_match': [(0, 0), (1, 6), (2, 1), (3, 3), (4, 5), (5, 9), (6, 7), (7, 8), (8, 4), (9, 2)]}
Checkpoint ...
Epoch 155/200
----------
Adjusted learning rate to 0.00010
Train ...
Epoch: [154][ 0/50]	Loss 9.8178e-02 (9.8178e-02)
Epoch: [154][25/50]	Loss 5.7115e-02 (7.1134e-02)
Evaluate ...
{'ACC': 0.8847, 'ARI': 0.7744320572668483, 'NMI': 0.7998023637443628, 'ACC Top-5': 0.987, 'hungarian_match': [(0, 0), (1, 6), (2, 1), (3, 3), (4, 5), (5, 9), (6, 7), (7, 8), (8, 4), (9, 2)]}
Checkpoint ...
Epoch 156/200
----------
Adjusted learning rate to 0.00010
Train ...
Epoch: [155][ 0/50]	Loss 6.5211e-02 (6.5211e-02)
Epoch: [155][25/50]	Loss 6.2343e-02 (6.4697e-02)
Evaluate ...
{'ACC': 0.8788, 'ARI': 0.7638367841663918, 'NMI': 0.7895550741223735, 'ACC Top-5': 0.9897, 'hungarian_match': [(0, 0), (1, 6), (2, 1), (3, 3), (4, 5), (5, 9), (6, 7), (7, 8), (8, 4), (9, 2)]}
Checkpoint ...
Epoch 157/200
----------
Adjusted learning rate to 0.00010
Train ...
Epoch: [156][ 0/50]	Loss 6.6416e-02 (6.6416e-02)
Epoch: [156][25/50]	Loss 9.5899e-02 (6.9395e-02)
Evaluate ...
{'ACC': 0.8786, 'ARI': 0.7656153002379099, 'NMI': 0.7922122053455056, 'ACC Top-5': 0.9887, 'hungarian_match': [(0, 0), (1, 6), (2, 1), (3, 3), (4, 5), (5, 9), (6, 7), (7, 8), (8, 4), (9, 2)]}
Checkpoint ...
Epoch 158/200
----------
Adjusted learning rate to 0.00010
Train ...
Epoch: [157][ 0/50]	Loss 7.5139e-02 (7.5139e-02)
Epoch: [157][25/50]	Loss 6.6534e-02 (6.8571e-02)
Evaluate ...
{'ACC': 0.8822, 'ARI': 0.7705225927511333, 'NMI': 0.795571481511263, 'ACC Top-5': 0.9909, 'hungarian_match': [(0, 0), (1, 6), (2, 1), (3, 3), (4, 5), (5, 9), (6, 7), (7, 8), (8, 4), (9, 2)]}
Checkpoint ...
Epoch 159/200
----------
Adjusted learning rate to 0.00010
Train ...
Epoch: [158][ 0/50]	Loss 4.7204e-02 (4.7204e-02)
Epoch: [158][25/50]	Loss 9.1880e-02 (6.3336e-02)
Evaluate ...
{'ACC': 0.8814, 'ARI': 0.7703200489801254, 'NMI': 0.7934776069720522, 'ACC Top-5': 0.9911, 'hungarian_match': [(0, 0), (1, 6), (2, 1), (3, 3), (4, 5), (5, 9), (6, 7), (7, 8), (8, 4), (9, 2)]}
Checkpoint ...
Epoch 160/200
----------
Adjusted learning rate to 0.00010
Train ...
Epoch: [159][ 0/50]	Loss 7.8282e-02 (7.8282e-02)
Epoch: [159][25/50]	Loss 6.2236e-02 (6.2015e-02)
Evaluate ...
{'ACC': 0.8804, 'ARI': 0.7660497260666, 'NMI': 0.7920919581584259, 'ACC Top-5': 0.9911, 'hungarian_match': [(0, 0), (1, 6), (2, 1), (3, 3), (4, 5), (5, 9), (6, 7), (7, 8), (8, 4), (9, 2)]}
Checkpoint ...
Epoch 161/200
----------
Adjusted learning rate to 0.00010
Train ...
Epoch: [160][ 0/50]	Loss 8.3722e-02 (8.3722e-02)
Epoch: [160][25/50]	Loss 6.4683e-02 (6.5887e-02)
Evaluate ...
{'ACC': 0.8829, 'ARI': 0.7691722682143486, 'NMI': 0.7967737000027773, 'ACC Top-5': 0.9892, 'hungarian_match': [(0, 0), (1, 6), (2, 1), (3, 3), (4, 5), (5, 9), (6, 7), (7, 8), (8, 4), (9, 2)]}
Checkpoint ...
Epoch 162/200
----------
Adjusted learning rate to 0.00010
Train ...
Epoch: [161][ 0/50]	Loss 7.0841e-02 (7.0841e-02)
Epoch: [161][25/50]	Loss 6.6644e-02 (6.5222e-02)
Evaluate ...
{'ACC': 0.8814, 'ARI': 0.769536472489821, 'NMI': 0.7962903839005284, 'ACC Top-5': 0.9896, 'hungarian_match': [(0, 0), (1, 6), (2, 1), (3, 3), (4, 5), (5, 9), (6, 7), (7, 8), (8, 4), (9, 2)]}
Checkpoint ...
Epoch 163/200
----------
Adjusted learning rate to 0.00010
Train ...
Epoch: [162][ 0/50]	Loss 6.8968e-02 (6.8968e-02)
Epoch: [162][25/50]	Loss 6.4162e-02 (6.8709e-02)
Evaluate ...
{'ACC': 0.8822, 'ARI': 0.7696183468848724, 'NMI': 0.7935584344697634, 'ACC Top-5': 0.9883, 'hungarian_match': [(0, 0), (1, 6), (2, 1), (3, 3), (4, 5), (5, 9), (6, 7), (7, 8), (8, 4), (9, 2)]}
Checkpoint ...
Epoch 164/200
----------
Adjusted learning rate to 0.00010
Train ...
Epoch: [163][ 0/50]	Loss 5.4759e-02 (5.4759e-02)
Epoch: [163][25/50]	Loss 6.0393e-02 (6.5637e-02)
Evaluate ...
{'ACC': 0.88, 'ARI': 0.7668358925599128, 'NMI': 0.7938768075399161, 'ACC Top-5': 0.989, 'hungarian_match': [(0, 0), (1, 6), (2, 1), (3, 3), (4, 5), (5, 9), (6, 7), (7, 8), (8, 4), (9, 2)]}
Checkpoint ...
Epoch 165/200
----------
Adjusted learning rate to 0.00010
Train ...
Epoch: [164][ 0/50]	Loss 8.8820e-02 (8.8820e-02)
Epoch: [164][25/50]	Loss 4.4775e-02 (6.7104e-02)
Evaluate ...
{'ACC': 0.8803, 'ARI': 0.767153112572199, 'NMI': 0.7935180998316709, 'ACC Top-5': 0.9868, 'hungarian_match': [(0, 0), (1, 6), (2, 1), (3, 3), (4, 5), (5, 9), (6, 7), (7, 8), (8, 4), (9, 2)]}
Checkpoint ...
Epoch 166/200
----------
Adjusted learning rate to 0.00010
Train ...
Epoch: [165][ 0/50]	Loss 6.5035e-02 (6.5035e-02)
Epoch: [165][25/50]	Loss 4.5569e-02 (6.5572e-02)
Evaluate ...
{'ACC': 0.8763, 'ARI': 0.7596824921613796, 'NMI': 0.7853156953469469, 'ACC Top-5': 0.9852, 'hungarian_match': [(0, 0), (1, 6), (2, 1), (3, 3), (4, 5), (5, 9), (6, 7), (7, 8), (8, 4), (9, 2)]}
Checkpoint ...
Epoch 167/200
----------
Adjusted learning rate to 0.00010
Train ...
Epoch: [166][ 0/50]	Loss 7.4246e-02 (7.4246e-02)
Epoch: [166][25/50]	Loss 6.8372e-02 (6.8193e-02)
Evaluate ...
{'ACC': 0.8804, 'ARI': 0.7676691011637348, 'NMI': 0.7932357539931093, 'ACC Top-5': 0.9855, 'hungarian_match': [(0, 0), (1, 6), (2, 1), (3, 3), (4, 5), (5, 9), (6, 7), (7, 8), (8, 4), (9, 2)]}
Checkpoint ...
Epoch 168/200
----------
Adjusted learning rate to 0.00010
Train ...
Epoch: [167][ 0/50]	Loss 4.5924e-02 (4.5924e-02)
Epoch: [167][25/50]	Loss 4.9605e-02 (6.3029e-02)
Evaluate ...
{'ACC': 0.881, 'ARI': 0.7670501245123886, 'NMI': 0.7908128657328691, 'ACC Top-5': 0.9868, 'hungarian_match': [(0, 0), (1, 6), (2, 1), (3, 3), (4, 5), (5, 9), (6, 7), (7, 8), (8, 4), (9, 2)]}
Checkpoint ...
Epoch 169/200
----------
Adjusted learning rate to 0.00010
Train ...
Epoch: [168][ 0/50]	Loss 4.3241e-02 (4.3241e-02)
Epoch: [168][25/50]	Loss 7.9414e-02 (6.6417e-02)
Evaluate ...
{'ACC': 0.8805, 'ARI': 0.7675140825318856, 'NMI': 0.7927076707538212, 'ACC Top-5': 0.9869, 'hungarian_match': [(0, 0), (1, 6), (2, 1), (3, 3), (4, 5), (5, 9), (6, 7), (7, 8), (8, 4), (9, 2)]}
Checkpoint ...
Epoch 170/200
----------
Adjusted learning rate to 0.00010
Train ...
Epoch: [169][ 0/50]	Loss 5.7742e-02 (5.7742e-02)
Epoch: [169][25/50]	Loss 7.0086e-02 (6.5312e-02)
Evaluate ...
{'ACC': 0.8792, 'ARI': 0.7644062143340872, 'NMI': 0.789965561898329, 'ACC Top-5': 0.9857, 'hungarian_match': [(0, 0), (1, 6), (2, 1), (3, 3), (4, 5), (5, 9), (6, 7), (7, 8), (8, 4), (9, 2)]}
Checkpoint ...
Epoch 171/200
----------
Adjusted learning rate to 0.00010
Train ...
Epoch: [170][ 0/50]	Loss 4.9279e-02 (4.9279e-02)
Epoch: [170][25/50]	Loss 5.3342e-02 (6.4704e-02)
Evaluate ...
{'ACC': 0.8799, 'ARI': 0.7653307429453189, 'NMI': 0.7896117853268293, 'ACC Top-5': 0.9856, 'hungarian_match': [(0, 0), (1, 6), (2, 1), (3, 3), (4, 5), (5, 9), (6, 7), (7, 8), (8, 4), (9, 2)]}
Checkpoint ...
Epoch 172/200
----------
Adjusted learning rate to 0.00010
Train ...
Epoch: [171][ 0/50]	Loss 8.7677e-02 (8.7677e-02)
Epoch: [171][25/50]	Loss 6.5226e-02 (6.7087e-02)
Evaluate ...
{'ACC': 0.8792, 'ARI': 0.7649126314218588, 'NMI': 0.7908798059418078, 'ACC Top-5': 0.9858, 'hungarian_match': [(0, 0), (1, 6), (2, 1), (3, 3), (4, 5), (5, 9), (6, 7), (7, 8), (8, 4), (9, 2)]}
Checkpoint ...
Epoch 173/200
----------
Adjusted learning rate to 0.00010
Train ...
Epoch: [172][ 0/50]	Loss 6.3667e-02 (6.3667e-02)
Epoch: [172][25/50]	Loss 6.0057e-02 (6.5371e-02)
Evaluate ...
{'ACC': 0.8812, 'ARI': 0.7693073309732946, 'NMI': 0.7939963245256352, 'ACC Top-5': 0.9888, 'hungarian_match': [(0, 0), (1, 6), (2, 1), (3, 3), (4, 5), (5, 9), (6, 7), (7, 8), (8, 4), (9, 2)]}
Checkpoint ...
Epoch 174/200
----------
Adjusted learning rate to 0.00010
Train ...
Epoch: [173][ 0/50]	Loss 5.3260e-02 (5.3260e-02)
Epoch: [173][25/50]	Loss 6.1402e-02 (6.5663e-02)
Evaluate ...
{'ACC': 0.8804, 'ARI': 0.7672309608275864, 'NMI': 0.7918754453421768, 'ACC Top-5': 0.9906, 'hungarian_match': [(0, 0), (1, 6), (2, 1), (3, 3), (4, 5), (5, 9), (6, 7), (7, 8), (8, 4), (9, 2)]}
Checkpoint ...
Epoch 175/200
----------
Adjusted learning rate to 0.00010
Train ...
Epoch: [174][ 0/50]	Loss 5.7419e-02 (5.7419e-02)
Epoch: [174][25/50]	Loss 5.3475e-02 (6.3002e-02)
Evaluate ...
{'ACC': 0.8801, 'ARI': 0.7661299530346283, 'NMI': 0.7916814425770302, 'ACC Top-5': 0.9896, 'hungarian_match': [(0, 0), (1, 6), (2, 1), (3, 3), (4, 5), (5, 9), (6, 7), (7, 8), (8, 4), (9, 2)]}
Checkpoint ...
Epoch 176/200
----------
Adjusted learning rate to 0.00010
Train ...
Epoch: [175][ 0/50]	Loss 4.3942e-02 (4.3942e-02)
Epoch: [175][25/50]	Loss 5.8164e-02 (6.2544e-02)
Evaluate ...
{'ACC': 0.8793, 'ARI': 0.7650089767627228, 'NMI': 0.7923566229467187, 'ACC Top-5': 0.9874, 'hungarian_match': [(0, 0), (1, 6), (2, 1), (3, 3), (4, 5), (5, 9), (6, 7), (7, 8), (8, 4), (9, 2)]}
Checkpoint ...
Epoch 177/200
----------
Adjusted learning rate to 0.00010
Train ...
Epoch: [176][ 0/50]	Loss 7.3181e-02 (7.3181e-02)
Epoch: [176][25/50]	Loss 5.4348e-02 (6.9135e-02)
Evaluate ...
{'ACC': 0.8803, 'ARI': 0.7673562461500469, 'NMI': 0.7942126207378299, 'ACC Top-5': 0.9907, 'hungarian_match': [(0, 0), (1, 6), (2, 1), (3, 3), (4, 5), (5, 9), (6, 7), (7, 8), (8, 4), (9, 2)]}
Checkpoint ...
Epoch 178/200
----------
Adjusted learning rate to 0.00010
Train ...
Epoch: [177][ 0/50]	Loss 8.2964e-02 (8.2964e-02)
Epoch: [177][25/50]	Loss 5.0728e-02 (6.6977e-02)
Evaluate ...
{'ACC': 0.8788, 'ARI': 0.7643044029051548, 'NMI': 0.7877773143688899, 'ACC Top-5': 0.99, 'hungarian_match': [(0, 0), (1, 6), (2, 1), (3, 3), (4, 5), (5, 9), (6, 7), (7, 8), (8, 4), (9, 2)]}
Checkpoint ...
Epoch 179/200
----------
Adjusted learning rate to 0.00010
Train ...
Epoch: [178][ 0/50]	Loss 6.9281e-02 (6.9281e-02)
Epoch: [178][25/50]	Loss 8.9249e-02 (6.1576e-02)
Evaluate ...
{'ACC': 0.8818, 'ARI': 0.7709862848357174, 'NMI': 0.7961461571428815, 'ACC Top-5': 0.9906, 'hungarian_match': [(0, 0), (1, 6), (2, 1), (3, 3), (4, 5), (5, 9), (6, 7), (7, 8), (8, 4), (9, 2)]}
Checkpoint ...
Epoch 180/200
----------
Adjusted learning rate to 0.00010
Train ...
Epoch: [179][ 0/50]	Loss 6.3135e-02 (6.3135e-02)
Epoch: [179][25/50]	Loss 6.1364e-02 (6.9908e-02)
Evaluate ...
{'ACC': 0.8827, 'ARI': 0.7721951430394652, 'NMI': 0.7966992869146878, 'ACC Top-5': 0.9901, 'hungarian_match': [(0, 0), (1, 6), (2, 1), (3, 3), (4, 5), (5, 9), (6, 7), (7, 8), (8, 4), (9, 2)]}
Checkpoint ...
Epoch 181/200
----------
Adjusted learning rate to 0.00010
Train ...
Epoch: [180][ 0/50]	Loss 7.0343e-02 (7.0343e-02)
Epoch: [180][25/50]	Loss 6.5439e-02 (6.4643e-02)
Evaluate ...
{'ACC': 0.8805, 'ARI': 0.7666927783402817, 'NMI': 0.7948758768872043, 'ACC Top-5': 0.9904, 'hungarian_match': [(0, 0), (1, 6), (2, 1), (3, 3), (4, 5), (5, 9), (6, 7), (7, 8), (8, 4), (9, 2)]}
Checkpoint ...
Epoch 182/200
----------
Adjusted learning rate to 0.00010
Train ...
Epoch: [181][ 0/50]	Loss 7.0271e-02 (7.0271e-02)
Epoch: [181][25/50]	Loss 6.6759e-02 (6.3776e-02)
Evaluate ...
{'ACC': 0.8795, 'ARI': 0.765196264147361, 'NMI': 0.7914823154781249, 'ACC Top-5': 0.989, 'hungarian_match': [(0, 0), (1, 6), (2, 1), (3, 3), (4, 5), (5, 9), (6, 7), (7, 8), (8, 4), (9, 2)]}
Checkpoint ...
Epoch 183/200
----------
Adjusted learning rate to 0.00010
Train ...
Epoch: [182][ 0/50]	Loss 4.9335e-02 (4.9335e-02)
Epoch: [182][25/50]	Loss 5.8266e-02 (6.7218e-02)
Evaluate ...
{'ACC': 0.8791, 'ARI': 0.7660270484997449, 'NMI': 0.7925874427373982, 'ACC Top-5': 0.9866, 'hungarian_match': [(0, 0), (1, 6), (2, 1), (3, 3), (4, 5), (5, 9), (6, 7), (7, 8), (8, 4), (9, 2)]}
Checkpoint ...
Epoch 184/200
----------
Adjusted learning rate to 0.00010
Train ...
Epoch: [183][ 0/50]	Loss 4.1167e-02 (4.1167e-02)
Epoch: [183][25/50]	Loss 8.3367e-02 (6.8883e-02)
Evaluate ...
{'ACC': 0.8818, 'ARI': 0.7686832596304185, 'NMI': 0.7947256549669137, 'ACC Top-5': 0.9843, 'hungarian_match': [(0, 0), (1, 6), (2, 1), (3, 3), (4, 5), (5, 9), (6, 7), (7, 8), (8, 4), (9, 2)]}
Checkpoint ...
Epoch 185/200
----------
Adjusted learning rate to 0.00010
Train ...
Epoch: [184][ 0/50]	Loss 7.3868e-02 (7.3868e-02)
Epoch: [184][25/50]	Loss 6.9707e-02 (6.8458e-02)
Evaluate ...
{'ACC': 0.8767, 'ARI': 0.7620106768590358, 'NMI': 0.7898134959264308, 'ACC Top-5': 0.9833, 'hungarian_match': [(0, 0), (1, 6), (2, 1), (3, 3), (4, 5), (5, 9), (6, 7), (7, 8), (8, 4), (9, 2)]}
Checkpoint ...
Epoch 186/200
----------
Adjusted learning rate to 0.00010
Train ...
Epoch: [185][ 0/50]	Loss 8.1485e-02 (8.1485e-02)
Epoch: [185][25/50]	Loss 5.9952e-02 (6.7025e-02)
Evaluate ...
{'ACC': 0.8786, 'ARI': 0.7635010407433982, 'NMI': 0.7892078977500127, 'ACC Top-5': 0.982, 'hungarian_match': [(0, 0), (1, 6), (2, 1), (3, 3), (4, 5), (5, 9), (6, 7), (7, 8), (8, 4), (9, 2)]}
Checkpoint ...
Epoch 187/200
----------
Adjusted learning rate to 0.00010
Train ...
Epoch: [186][ 0/50]	Loss 6.5692e-02 (6.5692e-02)
Epoch: [186][25/50]	Loss 4.3318e-02 (6.3184e-02)
Evaluate ...
{'ACC': 0.881, 'ARI': 0.7685565616475758, 'NMI': 0.7946284215124259, 'ACC Top-5': 0.9834, 'hungarian_match': [(0, 0), (1, 6), (2, 1), (3, 3), (4, 5), (5, 9), (6, 7), (7, 8), (8, 4), (9, 2)]}
Checkpoint ...
Epoch 188/200
----------
Adjusted learning rate to 0.00010
Train ...
Epoch: [187][ 0/50]	Loss 6.4610e-02 (6.4610e-02)
Epoch: [187][25/50]	Loss 4.5109e-02 (6.8064e-02)
Evaluate ...
{'ACC': 0.877, 'ARI': 0.7617495017207626, 'NMI': 0.788726649192499, 'ACC Top-5': 0.9846, 'hungarian_match': [(0, 0), (1, 6), (2, 1), (3, 3), (4, 5), (5, 9), (6, 7), (7, 8), (8, 4), (9, 2)]}
Checkpoint ...
Epoch 189/200
----------
Adjusted learning rate to 0.00010
Train ...
Epoch: [188][ 0/50]	Loss 6.1644e-02 (6.1644e-02)
Epoch: [188][25/50]	Loss 4.7559e-02 (6.0882e-02)
Evaluate ...
{'ACC': 0.8806, 'ARI': 0.7671744261403772, 'NMI': 0.7920536331093098, 'ACC Top-5': 0.9862, 'hungarian_match': [(0, 0), (1, 6), (2, 1), (3, 3), (4, 5), (5, 9), (6, 7), (7, 8), (8, 4), (9, 2)]}
Checkpoint ...
Epoch 190/200
----------
Adjusted learning rate to 0.00010
Train ...
Epoch: [189][ 0/50]	Loss 6.4017e-02 (6.4017e-02)
Epoch: [189][25/50]	Loss 5.9348e-02 (6.5798e-02)
Evaluate ...
{'ACC': 0.8838, 'ARI': 0.7718689971124185, 'NMI': 0.7981769848941246, 'ACC Top-5': 0.9835, 'hungarian_match': [(0, 0), (1, 6), (2, 1), (3, 3), (4, 5), (5, 9), (6, 7), (7, 8), (8, 4), (9, 2)]}
Checkpoint ...
Epoch 191/200
----------
Adjusted learning rate to 0.00010
Train ...
Epoch: [190][ 0/50]	Loss 4.6929e-02 (4.6929e-02)
Epoch: [190][25/50]	Loss 9.5099e-02 (6.7160e-02)
Evaluate ...
{'ACC': 0.8847, 'ARI': 0.7754515547448871, 'NMI': 0.801450152982909, 'ACC Top-5': 0.9895, 'hungarian_match': [(0, 0), (1, 6), (2, 1), (3, 3), (4, 5), (5, 9), (6, 7), (7, 8), (8, 4), (9, 2)]}
Checkpoint ...
Epoch 192/200
----------
Adjusted learning rate to 0.00010
Train ...
Epoch: [191][ 0/50]	Loss 5.1427e-02 (5.1427e-02)
Epoch: [191][25/50]	Loss 7.0703e-02 (6.4613e-02)
Evaluate ...
{'ACC': 0.8831, 'ARI': 0.7708550074105894, 'NMI': 0.7967274615054746, 'ACC Top-5': 0.9872, 'hungarian_match': [(0, 0), (1, 6), (2, 1), (3, 3), (4, 5), (5, 9), (6, 7), (7, 8), (8, 4), (9, 2)]}
Checkpoint ...
Epoch 193/200
----------
Adjusted learning rate to 0.00010
Train ...
Epoch: [192][ 0/50]	Loss 7.7738e-02 (7.7738e-02)
Epoch: [192][25/50]	Loss 5.8467e-02 (6.6724e-02)
Evaluate ...
{'ACC': 0.8811, 'ARI': 0.7688961527227675, 'NMI': 0.7954810669196152, 'ACC Top-5': 0.9836, 'hungarian_match': [(0, 0), (1, 6), (2, 1), (3, 3), (4, 5), (5, 9), (6, 7), (7, 8), (8, 4), (9, 2)]}
Checkpoint ...
Epoch 194/200
----------
Adjusted learning rate to 0.00010
Train ...
Epoch: [193][ 0/50]	Loss 5.1865e-02 (5.1865e-02)
Epoch: [193][25/50]	Loss 6.7267e-02 (6.4545e-02)
Evaluate ...
{'ACC': 0.8819, 'ARI': 0.7705252020419251, 'NMI': 0.7956324111568471, 'ACC Top-5': 0.9865, 'hungarian_match': [(0, 0), (1, 6), (2, 1), (3, 3), (4, 5), (5, 9), (6, 7), (7, 8), (8, 4), (9, 2)]}
Checkpoint ...
Epoch 195/200
----------
Adjusted learning rate to 0.00010
Train ...
Epoch: [194][ 0/50]	Loss 5.2808e-02 (5.2808e-02)
Epoch: [194][25/50]	Loss 5.6632e-02 (6.8137e-02)
Evaluate ...
{'ACC': 0.8823, 'ARI': 0.7695306750755245, 'NMI': 0.7943716094098298, 'ACC Top-5': 0.9874, 'hungarian_match': [(0, 0), (1, 6), (2, 1), (3, 3), (4, 5), (5, 9), (6, 7), (7, 8), (8, 4), (9, 2)]}
Checkpoint ...
Epoch 196/200
----------
Adjusted learning rate to 0.00010
Train ...
Epoch: [195][ 0/50]	Loss 7.5098e-02 (7.5098e-02)
Epoch: [195][25/50]	Loss 6.7964e-02 (6.1869e-02)
Evaluate ...
{'ACC': 0.8783, 'ARI': 0.7634723700754583, 'NMI': 0.7906194473380318, 'ACC Top-5': 0.9813, 'hungarian_match': [(0, 0), (1, 6), (2, 1), (3, 3), (4, 5), (5, 9), (6, 7), (7, 8), (8, 4), (9, 2)]}
Checkpoint ...
Epoch 197/200
----------
Adjusted learning rate to 0.00010
Train ...
Epoch: [196][ 0/50]	Loss 6.3823e-02 (6.3823e-02)
Epoch: [196][25/50]	Loss 6.7010e-02 (6.5481e-02)
Evaluate ...
{'ACC': 0.8807, 'ARI': 0.76574231301042, 'NMI': 0.7917323059372606, 'ACC Top-5': 0.9867, 'hungarian_match': [(0, 0), (1, 6), (2, 1), (3, 3), (4, 5), (5, 9), (6, 7), (7, 8), (8, 4), (9, 2)]}
Checkpoint ...
Epoch 198/200
----------
Adjusted learning rate to 0.00010
Train ...
Epoch: [197][ 0/50]	Loss 7.9316e-02 (7.9316e-02)
Epoch: [197][25/50]	Loss 7.1316e-02 (6.7024e-02)
Evaluate ...
{'ACC': 0.8811, 'ARI': 0.7676999719402451, 'NMI': 0.7933577389450719, 'ACC Top-5': 0.985, 'hungarian_match': [(0, 0), (1, 6), (2, 1), (3, 3), (4, 5), (5, 9), (6, 7), (7, 8), (8, 4), (9, 2)]}
Checkpoint ...
Epoch 199/200
----------
Adjusted learning rate to 0.00010
Train ...
Epoch: [198][ 0/50]	Loss 4.4541e-02 (4.4541e-02)
Epoch: [198][25/50]	Loss 6.4355e-02 (6.2501e-02)
Evaluate ...
{'ACC': 0.8828, 'ARI': 0.771804003572, 'NMI': 0.7963178829915923, 'ACC Top-5': 0.9871, 'hungarian_match': [(0, 0), (1, 6), (2, 1), (3, 3), (4, 5), (5, 9), (6, 7), (7, 8), (8, 4), (9, 2)]}
Checkpoint ...
Epoch 200/200
----------
Adjusted learning rate to 0.00010
Train ...
Epoch: [199][ 0/50]	Loss 8.3334e-02 (8.3334e-02)
Epoch: [199][25/50]	Loss 5.2468e-02 (6.3000e-02)
Evaluate ...
{'ACC': 0.8828, 'ARI': 0.7707880819963562, 'NMI': 0.7972967960929319, 'ACC Top-5': 0.9877, 'hungarian_match': [(0, 0), (1, 6), (2, 1), (3, 3), (4, 5), (5, 9), (6, 7), (7, 8), (8, 4), (9, 2)]}
Checkpoint ...
Evaluate model at the end
{'ACC': 0.8828, 'ARI': 0.7707880819963562, 'NMI': 0.7972967960929319, 'ACC Top-5': 0.9877, 'hungarian_match': [(0, 0), (1, 6), (2, 1), (3, 3), (4, 5), (5, 9), (6, 7), (7, 8), (8, 4), (9, 2)]}
